{"logTime": "1209/145100", "correlationVector":"fyyUE2c4uKkenryoe6eVCE","action":"Commit Request", "result":"", "context":Item count: 3
Contributing types: Sessions, History}
{"logTime": "1209/145101", "correlationVector":"fyyUE2c4uKkenryoe6eVCE.1","action":"SyncServerConnectionManagerRequest", "result":"SYNC_SERVER_OK", "context":{"environment":"Prod_southindia_prod-s01-004-apac-southindia", "migrationStage":"NotStarted", "server":"akswtt023000010"}}
{"logTime": "1209/145101", "correlationVector":"fyyUE2c4uKkenryoe6eVCE.2","action":"Commit Response", "result":"Success", "context":Result: Success. cV=fyyUE2c4uKkenryoe6eVCE.0;server=akswtt023000010;cloudType=Consumer;environment=Prod_southindia_prod-s01-004-apac-southindia;migrationStage=NotStarted}
{"logTime": "1209/150114", "correlationVector":"zwVsrsJDicYTPk5NQUTnK7","action":"Normal GetUpdate request", "result":"", "context":cV=zwVsrsJDicYTPk5NQUTnK7
Notified types: History}
{"logTime": "1209/150115", "correlationVector":"zwVsrsJDicYTPk5NQUTnK7.1","action":"SyncServerConnectionManagerRequest", "result":"SYNC_SERVER_OK", "context":{"environment":"Prod_southindia_prod-s01-004-apac-southindia", "migrationStage":"NotStarted", "server":"akswtt023000009"}}
{"logTime": "1209/150115", "correlationVector":"zwVsrsJDicYTPk5NQUTnK7.2","action":"ProcessGetUpdates", "result":"Done", "context":{"dataType":"Preferences", "deleted":"0", "process_failed_to_decrypt":"0", "process_pending_decryption":"0", "process_success":"2", "total":"2"}}
{"logTime": "1209/150115", "correlationVector":"zwVsrsJDicYTPk5NQUTnK7.3","action":"ProcessGetUpdates", "result":"Done", "context":{"dataType":"Sessions", "deleted":"1", "process_failed_to_decrypt":"0", "process_pending_decryption":"0", "process_success":"6", "total":"6"}}
{"logTime": "1209/150115", "correlationVector":"zwVsrsJDicYTPk5NQUTnK7.4","action":"ProcessGetUpdates", "result":"Done", "context":{"dataType":"History", "deleted":"0", "process_failed_to_decrypt":"0", "process_pending_decryption":"0", "process_success":"18", "total":"18"}}
{"logTime": "1209/150115", "correlationVector":"zwVsrsJDicYTPk5NQUTnK7.5","action":"GetUpdates Response", "result":"Success", "context":Received 26 update(s). cV=zwVsrsJDicYTPk5NQUTnK7.0;server=akswtt023000009;cloudType=Consumer;environment=Prod_southindia_prod-s01-004-apac-southindia;migrationStage=NotStarted}
{"logTime": "1209/150905", "correlationVector":"FRfY3AqQs/tXR4n0LDmYJt","action":"Commit Request", "result":"", "context":Item count: 1
Contributing types: Preferences}
{"logTime": "1209/150906", "correlationVector":"FRfY3AqQs/tXR4n0LDmYJt.1","action":"SyncServerConnectionManagerRequest", "result":"SYNC_SERVER_OK", "context":{"environment":"Prod_southindia_prod-s01-004-apac-southindia", "migrationStage":"NotStarted", "server":"akswtt023000011"}}
{"logTime": "1209/150906", "correlationVector":"FRfY3AqQs/tXR4n0LDmYJt.2","action":"Commit Response", "result":"Success", "context":Result: Success. cV=FRfY3AqQs/tXR4n0LDmYJt.0;server=akswtt023000011;cloudType=Consumer;environment=Prod_southindia_prod-s01-004-apac-southindia;migrationStage=NotStarted}
{"logTime": "1209/151712", "correlationVector":"lZ77muuPEwz6OibuhSAgEP","action":"Commit Request", "result":"", "context":Item count: 3
Contributing types: Sessions, History}
{"logTime": "1209/151713", "correlationVector":"lZ77muuPEwz6OibuhSAgEP.1","action":"SyncServerConnectionManagerRequest", "result":"SYNC_SERVER_OK", "context":{"environment":"Prod_southindia_prod-s01-004-apac-southindia", "migrationStage":"NotStarted", "server":"akswtt02300001h"}}
{"logTime": "1209/151713", "correlationVector":"lZ77muuPEwz6OibuhSAgEP.2","action":"Commit Response", "result":"Success", "context":Result: Success. cV=lZ77muuPEwz6OibuhSAgEP.0;server=akswtt02300001h;cloudType=Consumer;environment=Prod_southindia_prod-s01-004-apac-southindia;migrationStage=NotStarted}
{"logTime": "1209/152945", "correlationVector":"DR16SG2gbsjoZ2H1VGQGbc","action":"Commit Request", "result":"", "context":Item count: 4
Contributing types: Preferences, Sessions, History}
{"logTime": "1209/152946", "correlationVector":"DR16SG2gbsjoZ2H1VGQGbc.1","action":"SyncServerConnectionManagerRequest", "result":"SYNC_SERVER_OK", "context":{"environment":"Prod_southindia_prod-s01-004-apac-southindia", "migrationStage":"NotStarted", "server":"akswtt02300000b"}}
{"logTime": "1209/152946", "correlationVector":"DR16SG2gbsjoZ2H1VGQGbc.2","action":"Commit Response", "result":"Success", "context":Result: Success. cV=DR16SG2gbsjoZ2H1VGQGbc.0;server=akswtt02300000b;cloudType=Consumer;environment=Prod_southindia_prod-s01-004-apac-southindia;migrationStage=NotStarted}
{"logTime": "1209/153007", "correlationVector":"8UZFLmntN7g2NKz3HHhDvN","action":"Commit Request", "result":"", "context":Item count: 5
Contributing types: Preferences, Sessions, History}
{"logTime": "1209/153008", "correlationVector":"8UZFLmntN7g2NKz3HHhDvN.1","action":"SyncServerConnectionManagerRequest", "result":"SYNC_SERVER_OK", "context":{"environment":"Prod_southindia_prod-s01-004-apac-southindia", "migrationStage":"NotStarted", "server":"akswtt02300001g"}}
{"logTime": "1209/153008", "correlationVector":"8UZFLmntN7g2NKz3HHhDvN.2","action":"Commit Response", "result":"Success", "context":Result: Success. cV=8UZFLmntN7g2NKz3HHhDvN.0;server=akswtt02300001g;cloudType=Consumer;environment=Prod_southindia_prod-s01-004-apac-southindia;migrationStage=NotStarted}
{"logTime": "1209/153012", "correlationVector":"Y4v2xM8l8/1gcyDGSTi2Hb","action":"Commit Request", "result":"", "context":Item count: 4
Contributing types: Preferences, Sessions, History}
{"logTime": "1209/153012", "correlationVector":"Y4v2xM8l8/1gcyDGSTi2Hb.1","action":"SyncServerConnectionManagerRequest", "result":"SYNC_SERVER_OK", "context":{"environment":"Prod_southindia_prod-s01-004-apac-southindia", "migrationStage":"NotStarted", "server":"akswtt02300000v"}}
{"logTime": "1209/153012", "correlationVector":"Y4v2xM8l8/1gcyDGSTi2Hb.2","action":"Commit Response", "result":"Success", "context":Result: Success. cV=Y4v2xM8l8/1gcyDGSTi2Hb.0;server=akswtt02300000v;cloudType=Consumer;environment=Prod_southindia_prod-s01-004-apac-southindia;migrationStage=NotStarted}
{"logTime": "1209/153014", "correlationVector":"fsBUuf4xpDNDYtuFmoz07I","action":"Commit Request", "result":"", "context":Item count: 4
Contributing types: Preferences, Sessions, History}
{"logTime": "1209/153015", "correlationVector":"fsBUuf4xpDNDYtuFmoz07I.1","action":"SyncServerConnectionManagerRequest", "result":"SYNC_SERVER_OK", "context":{"environment":"Prod_southindia_prod-s01-004-apac-southindia", "migrationStage":"NotStarted", "server":"akswtt023000020"}}
{"logTime": "1209/153015", "correlationVector":"fsBUuf4xpDNDYtuFmoz07I.2","action":"Commit Response", "result":"Success", "context":Result: Success. cV=fsBUuf4xpDNDYtuFmoz07I.0;server=akswtt023000020;cloudType=Consumer;environment=Prod_southindia_prod-s01-004-apac-southindia;migrationStage=NotStarted}
{"logTime": "1209/153126", "correlationVector":"4ffBvzjSPlNWP3d7hwjLAJ","action":"Commit Request", "result":"", "context":Item count: 8
Contributing types: Sessions, History}
{"logTime": "1209/153126", "correlationVector":"4ffBvzjSPlNWP3d7hwjLAJ.1","action":"SyncServerConnectionManagerRequest", "result":"SYNC_SERVER_OK", "context":{"environment":"Prod_southindia_prod-s01-004-apac-southindia", "migrationStage":"NotStarted", "server":"akswtt023000020"}}
{"logTime": "1209/153126", "correlationVector":"4ffBvzjSPlNWP3d7hwjLAJ.2","action":"Commit Response", "result":"Success", "context":Result: Success. cV=4ffBvzjSPlNWP3d7hwjLAJ.0;server=akswtt023000020;cloudType=Consumer;environment=Prod_southindia_prod-s01-004-apac-southindia;migrationStage=NotStarted}
{"logTime": "1209/153243", "correlationVector":"2yi3NswvoCeBLJZOVkED+o","action":"Commit Request", "result":"", "context":Item count: 2
Contributing types: Sessions, History}
{"logTime": "1209/153244", "correlationVector":"2yi3NswvoCeBLJZOVkED+o.1","action":"SyncServerConnectionManagerRequest", "result":"SYNC_SERVER_OK", "context":{"environment":"Prod_southindia_prod-s01-004-apac-southindia", "migrationStage":"NotStarted", "server":"akswtt023000018"}}
{"logTime": "1209/153244", "correlationVector":"2yi3NswvoCeBLJZOVkED+o.2","action":"Commit Response", "result":"Success", "context":Result: Success. cV=2yi3NswvoCeBLJZOVkED+o.0;server=akswtt023000018;cloudType=Consumer;environment=Prod_southindia_prod-s01-004-apac-southindia;migrationStage=NotStarted}
{"logTime": "1209/155410", "correlationVector":"Utd4lIZR8M7kJa8ixuGDBZ","action":"Commit Request", "result":"", "context":Item count: 6
Contributing types: Sessions, History}
{"logTime": "1209/155411", "correlationVector":"Utd4lIZR8M7kJa8ixuGDBZ.1","action":"SyncServerConnectionManagerRequest", "result":"SYNC_SERVER_OK", "context":{"environment":"Prod_southindia_prod-s01-004-apac-southindia", "migrationStage":"NotStarted", "server":"akswtt023000028"}}
{"logTime": "1209/155411", "correlationVector":"Utd4lIZR8M7kJa8ixuGDBZ.3","action":"Commit.Sessions", "result":"Success", "context":{"id":"de9d92f7-c9a7-42ff-908a-509a5cc75dd9", "isDeleted":"true", "size":"0", "version":"1765294286264"}}
{"logTime": "1209/155411", "correlationVector":"Utd4lIZR8M7kJa8ixuGDBZ.4","action":"Commit.Sessions", "result":"Success", "context":{"id":"aaef5052-31b2-4436-9136-64b6ffa32c91", "isDeleted":"true", "size":"0", "version":"1765294363922"}}
{"logTime": "1209/155411", "correlationVector":"Utd4lIZR8M7kJa8ixuGDBZ.2","action":"Commit Response", "result":"Success", "context":Result: Success. cV=Utd4lIZR8M7kJa8ixuGDBZ.0;server=akswtt023000028;cloudType=Consumer;environment=Prod_southindia_prod-s01-004-apac-southindia;migrationStage=NotStarted}
{"logTime": "1209/155655", "correlationVector":"+ALwWx/wuj0ndo5UFCMngP","action":"Commit Request", "result":"", "context":Item count: 1
Contributing types: Preferences}
{"logTime": "1209/155656", "correlationVector":"+ALwWx/wuj0ndo5UFCMngP.1","action":"SyncServerConnectionManagerRequest", "result":"SYNC_SERVER_OK", "context":{"environment":"Prod_southindia_prod-s01-004-apac-southindia", "migrationStage":"NotStarted", "server":"akswtt02300001w"}}
{"logTime": "1209/155656", "correlationVector":"+ALwWx/wuj0ndo5UFCMngP.2","action":"Commit Response", "result":"Success", "context":Result: Success. cV=+ALwWx/wuj0ndo5UFCMngP.0;server=akswtt02300001w;cloudType=Consumer;environment=Prod_southindia_prod-s01-004-apac-southindia;migrationStage=NotStarted}
{"logTime": "1209/155759", "correlationVector":"1dxT+kPlhTE9DlqNoAWbcp","action":"Commit Request", "result":"", "context":Item count: 5
Contributing types: Sessions, History}
{"logTime": "1209/155800", "correlationVector":"1dxT+kPlhTE9DlqNoAWbcp.1","action":"SyncServerConnectionManagerRequest", "result":"SYNC_SERVER_OK", "context":{"environment":"Prod_southindia_prod-s01-004-apac-southindia", "migrationStage":"NotStarted", "server":"akswtt02300000k"}}
{"logTime": "1209/155800", "correlationVector":"1dxT+kPlhTE9DlqNoAWbcp.2","action":"Commit Response", "result":"Success", "context":Result: Success. cV=1dxT+kPlhTE9DlqNoAWbcp.0;server=akswtt02300000k;cloudType=Consumer;environment=Prod_southindia_prod-s01-004-apac-southindia;migrationStage=NotStarted}
{"logTime": "1209/160337", "correlationVector":"IdcZ9FBFPlOowAsdANRtl+","action":"Commit Request", "result":"", "context":Item count: 4
Contributing types: Sessions, History}
{"logTime": "1209/160338", "correlationVector":"IdcZ9FBFPlOowAsdANRtl+.1","action":"SyncServerConnectionManagerRequest", "result":"SYNC_SERVER_OK", "context":{"environment":"Prod_southindia_prod-s01-004-apac-southindia", "migrationStage":"NotStarted", "server":"akswtt02300000b"}}
{"logTime": "1209/160338", "correlationVector":"IdcZ9FBFPlOowAsdANRtl+.3","action":"Commit.Sessions", "result":"Success", "context":{"id":"d6eb60d0-055a-44aa-8074-6142b1b9c4be", "isDeleted":"true", "size":"0", "version":"1765295880598"}}
{"logTime": "1209/160338", "correlationVector":"IdcZ9FBFPlOowAsdANRtl+.2","action":"Commit Response", "result":"Success", "context":Result: Success. cV=IdcZ9FBFPlOowAsdANRtl+.0;server=akswtt02300000b;cloudType=Consumer;environment=Prod_southindia_prod-s01-004-apac-southindia;migrationStage=NotStarted}
{"logTime": "1209/161014", "correlationVector":"Mq4b/BoVhQMU9P0GboTKkC","action":"Commit Request", "result":"", "context":Item count: 4
Contributing types: Sessions, History}
{"logTime": "1209/161014", "correlationVector":"Mq4b/BoVhQMU9P0GboTKkC.1","action":"SyncServerConnectionManagerRequest", "result":"SYNC_SERVER_OK", "context":{"environment":"Prod_southindia_prod-s01-004-apac-southindia", "migrationStage":"NotStarted", "server":"akswtt02300000p"}}
{"logTime": "1209/161014", "correlationVector":"Mq4b/BoVhQMU9P0GboTKkC.3","action":"Commit.Sessions", "result":"Success", "context":{"id":"f140c1e0-68fb-4b3a-891c-4e1bd400f105", "isDeleted":"true", "size":"0", "version":"1765294208112"}}
{"logTime": "1209/161014", "correlationVector":"Mq4b/BoVhQMU9P0GboTKkC.2","action":"Commit Response", "result":"Success", "context":Result: Success. cV=Mq4b/BoVhQMU9P0GboTKkC.0;server=akswtt02300000p;cloudType=Consumer;environment=Prod_southindia_prod-s01-004-apac-southindia;migrationStage=NotStarted}
{"logTime": "1209/161613", "correlationVector":"xGP6EGGoB8Eg46KTAUHTn9","action":"Commit Request", "result":"", "context":Item count: 1
Contributing types: Preferences}
{"logTime": "1209/161613", "correlationVector":"xGP6EGGoB8Eg46KTAUHTn9.1","action":"SyncServerConnectionManagerRequest", "result":"SYNC_SERVER_OK", "context":{"environment":"Prod_southindia_prod-s01-004-apac-southindia", "migrationStage":"NotStarted", "server":"akswtt023000002"}}
{"logTime": "1209/161613", "correlationVector":"xGP6EGGoB8Eg46KTAUHTn9.2","action":"Commit Response", "result":"Success", "context":Result: Success. cV=xGP6EGGoB8Eg46KTAUHTn9.0;server=akswtt023000002;cloudType=Consumer;environment=Prod_southindia_prod-s01-004-apac-southindia;migrationStage=NotStarted}
{"logTime": "1209/161616", "correlationVector":"RAK+9rz594G2dSNo4DE4Wf","action":"Commit Request", "result":"", "context":Item count: 1
Contributing types: Preferences}
{"logTime": "1209/161616", "correlationVector":"RAK+9rz594G2dSNo4DE4Wf.1","action":"SyncServerConnectionManagerRequest", "result":"SYNC_SERVER_OK", "context":{"environment":"Prod_southindia_prod-s01-004-apac-southindia", "migrationStage":"NotStarted", "server":"akswtt023000000"}}
{"logTime": "1209/161616", "correlationVector":"RAK+9rz594G2dSNo4DE4Wf.2","action":"Commit Response", "result":"Success", "context":Result: Success. cV=RAK+9rz594G2dSNo4DE4Wf.0;server=akswtt023000000;cloudType=Consumer;environment=Prod_southindia_prod-s01-004-apac-southindia;migrationStage=NotStarted}
{"logTime": "1209/161719", "correlationVector":"CKJfRhMVK8Y1Sk6pWAURnB","action":"Commit Request", "result":"", "context":Item count: 12
Contributing types: Sessions, History}
{"logTime": "1209/161719", "correlationVector":"CKJfRhMVK8Y1Sk6pWAURnB.1","action":"SyncServerConnectionManagerRequest", "result":"SYNC_SERVER_OK", "context":{"environment":"Prod_southindia_prod-s01-004-apac-southindia", "migrationStage":"NotStarted", "server":"akswtt02300000j"}}
{"logTime": "1209/161719", "correlationVector":"CKJfRhMVK8Y1Sk6pWAURnB.2","action":"Commit Response", "result":"Success", "context":Result: Success. cV=CKJfRhMVK8Y1Sk6pWAURnB.0;server=akswtt02300000j;cloudType=Consumer;environment=Prod_southindia_prod-s01-004-apac-southindia;migrationStage=NotStarted}
{"logTime": "1209/162817", "correlationVector":"2GEBsqRY5qC6A8w1ja/m4+","action":"Commit Request", "result":"", "context":Item count: 1
Contributing types: Preferences}
{"logTime": "1209/162817", "correlationVector":"2GEBsqRY5qC6A8w1ja/m4+.1","action":"SyncServerConnectionManagerRequest", "result":"SYNC_SERVER_OK", "context":{"environment":"Prod_southindia_prod-s01-004-apac-southindia", "migrationStage":"NotStarted", "server":"akswtt02300002q"}}
{"logTime": "1209/162817", "correlationVector":"2GEBsqRY5qC6A8w1ja/m4+.2","action":"Commit Response", "result":"Success", "context":Result: Success. cV=2GEBsqRY5qC6A8w1ja/m4+.0;server=akswtt02300002q;cloudType=Consumer;environment=Prod_southindia_prod-s01-004-apac-southindia;migrationStage=NotStarted}
{"logTime": "1209/170318", "correlationVector":"ifg/m7ezbVTgyp9w099DUZ","action":"Commit Request", "result":"", "context":Item count: 2
Contributing types: Preferences, Sessions}
{"logTime": "1209/170319", "correlationVector":"ifg/m7ezbVTgyp9w099DUZ.1","action":"SyncServerConnectionManagerRequest", "result":"SYNC_SERVER_OK", "context":{"environment":"Prod_southindia_prod-s01-004-apac-southindia", "migrationStage":"NotStarted", "server":"akswtt02300001w"}}
{"logTime": "1209/170319", "correlationVector":"ifg/m7ezbVTgyp9w099DUZ.3","action":"Commit.Sessions", "result":"Success", "context":{"id":"52ce874a-6b30-4f69-9792-d205c8b40e1f", "isDeleted":"true", "size":"0", "version":"1765297039315"}}
{"logTime": "1209/170319", "correlationVector":"ifg/m7ezbVTgyp9w099DUZ.2","action":"Commit Response", "result":"Success", "context":Result: Success. cV=ifg/m7ezbVTgyp9w099DUZ.0;server=akswtt02300001w;cloudType=Consumer;environment=Prod_southindia_prod-s01-004-apac-southindia;migrationStage=NotStarted}
{"logTime": "1209/170328", "correlationVector":"iaruJlLV1Tx8GW0egF+VHF","action":"Commit Request", "result":"", "context":Item count: 7
Contributing types: Preferences, Sessions, History}
{"logTime": "1209/170329", "correlationVector":"iaruJlLV1Tx8GW0egF+VHF.1","action":"SyncServerConnectionManagerRequest", "result":"SYNC_SERVER_OK", "context":{"environment":"Prod_southindia_prod-s01-004-apac-southindia", "migrationStage":"NotStarted", "server":"akswtt02300001a"}}
{"logTime": "1209/170329", "correlationVector":"iaruJlLV1Tx8GW0egF+VHF.2","action":"Commit Response", "result":"Success", "context":Result: Success. cV=iaruJlLV1Tx8GW0egF+VHF.0;server=akswtt02300001a;cloudType=Consumer;environment=Prod_southindia_prod-s01-004-apac-southindia;migrationStage=NotStarted}
{"logTime": "1209/170429", "correlationVector":"6KCuOPVf8Y/jNGxywYXrcq","action":"Commit Request", "result":"", "context":Item count: 5
Contributing types: Sessions, History}
{"logTime": "1209/170429", "correlationVector":"6KCuOPVf8Y/jNGxywYXrcq.1","action":"SyncServerConnectionManagerRequest", "result":"SYNC_SERVER_OK", "context":{"environment":"Prod_southindia_prod-s01-004-apac-southindia", "migrationStage":"NotStarted", "server":"akswtt02300002a"}}
{"logTime": "1209/170429", "correlationVector":"6KCuOPVf8Y/jNGxywYXrcq.2","action":"Commit Response", "result":"Success", "context":Result: Success. cV=6KCuOPVf8Y/jNGxywYXrcq.0;server=akswtt02300002a;cloudType=Consumer;environment=Prod_southindia_prod-s01-004-apac-southindia;migrationStage=NotStarted}
{"logTime": "1209/171208", "correlationVector":"AB4zA9z6A5xgSTCllgVsGp","action":"Commit Request", "result":"", "context":Item count: 2
Contributing types: Preferences, Sessions}
{"logTime": "1209/171208", "correlationVector":"AB4zA9z6A5xgSTCllgVsGp.1","action":"SyncServerConnectionManagerRequest", "result":"SYNC_SERVER_OK", "context":{"environment":"Prod_southindia_prod-s01-004-apac-southindia", "migrationStage":"NotStarted", "server":"akswtt02300001c"}}
{"logTime": "1209/171208", "correlationVector":"AB4zA9z6A5xgSTCllgVsGp.3","action":"Commit.Sessions", "result":"Success", "context":{"id":"251ae3bc-1f92-4da9-baf8-2bc7e0d70d93", "isDeleted":"true", "size":"0", "version":"1765299869663"}}
{"logTime": "1209/171208", "correlationVector":"AB4zA9z6A5xgSTCllgVsGp.2","action":"Commit Response", "result":"Success", "context":Result: Success. cV=AB4zA9z6A5xgSTCllgVsGp.0;server=akswtt02300001c;cloudType=Consumer;environment=Prod_southindia_prod-s01-004-apac-southindia;migrationStage=NotStarted}
{"logTime": "1209/171225", "correlationVector":"vungft0eqn/OY0KEYuOdAg","action":"Commit Request", "result":"", "context":Item count: 6
Contributing types: Preferences, Sessions, History}
{"logTime": "1209/171226", "correlationVector":"vungft0eqn/OY0KEYuOdAg.1","action":"SyncServerConnectionManagerRequest", "result":"SYNC_SERVER_OK", "context":{"environment":"Prod_southindia_prod-s01-004-apac-southindia", "migrationStage":"NotStarted", "server":"akswtt02300000z"}}
{"logTime": "1209/171226", "correlationVector":"vungft0eqn/OY0KEYuOdAg.2","action":"Commit Response", "result":"Success", "context":Result: Success. cV=vungft0eqn/OY0KEYuOdAg.0;server=akswtt02300000z;cloudType=Consumer;environment=Prod_southindia_prod-s01-004-apac-southindia;migrationStage=NotStarted}
{"logTime": "1209/171326", "correlationVector":"iFOgrRvgj1bJsCYLY8yf6i","action":"Commit Request", "result":"", "context":Item count: 8
Contributing types: Sessions, History}
{"logTime": "1209/171327", "correlationVector":"iFOgrRvgj1bJsCYLY8yf6i.1","action":"SyncServerConnectionManagerRequest", "result":"SYNC_SERVER_OK", "context":{"environment":"Prod_southindia_prod-s01-004-apac-southindia", "migrationStage":"NotStarted", "server":"akswtt02300000z"}}
{"logTime": "1209/171327", "correlationVector":"iFOgrRvgj1bJsCYLY8yf6i.2","action":"Commit Response", "result":"Success", "context":Result: Success. cV=iFOgrRvgj1bJsCYLY8yf6i.0;server=akswtt02300000z;cloudType=Consumer;environment=Prod_southindia_prod-s01-004-apac-southindia;migrationStage=NotStarted}
{"logTime": "1209/172817", "correlationVector":"XuXo7qM/NxA86AdfxRWFkg","action":"Commit Request", "result":"", "context":Item count: 1
Contributing types: Preferences}
{"logTime": "1209/172817", "correlationVector":"XuXo7qM/NxA86AdfxRWFkg.1","action":"SyncServerConnectionManagerRequest", "result":"SYNC_SERVER_OK", "context":{"environment":"Prod_southindia_prod-s01-004-apac-southindia", "migrationStage":"NotStarted", "server":"akswtt023000000"}}
{"logTime": "1209/172817", "correlationVector":"XuXo7qM/NxA86AdfxRWFkg.2","action":"Commit Response", "result":"Success", "context":Result: Success. cV=XuXo7qM/NxA86AdfxRWFkg.0;server=akswtt023000000;cloudType=Consumer;environment=Prod_southindia_prod-s01-004-apac-southindia;migrationStage=NotStarted}
{"logTime": "1209/182758", "correlationVector":"GufX5w1yv1rTEHwwiLA9LK","action":"Poll GetUpdate request", "result":"", "context":cV=GufX5w1yv1rTEHwwiLA9LK}
{"logTime": "1209/182758", "correlationVector":"GufX5w1yv1rTEHwwiLA9LK.1","action":"SyncServerConnectionManagerRequest", "result":"SYNC_SERVER_OK", "context":{"environment":"Prod_southindia_prod-s01-004-apac-southindia", "migrationStage":"NotStarted", "server":"akswtt023000004"}}
{"logTime": "1209/182758", "correlationVector":"GufX5w1yv1rTEHwwiLA9LK.2","action":"ProcessGetUpdates", "result":"Done", "context":{"dataType":"Preferences", "deleted":"0", "process_failed_to_decrypt":"0", "process_pending_decryption":"0", "process_success":"2", "total":"2"}}
{"logTime": "1209/182758", "correlationVector":"GufX5w1yv1rTEHwwiLA9LK.3","action":"ProcessGetUpdates", "result":"Done", "context":{"dataType":"Sessions", "deleted":"6", "process_failed_to_decrypt":"0", "process_pending_decryption":"0", "process_success":"10", "total":"10"}}
{"logTime": "1209/182758", "correlationVector":"GufX5w1yv1rTEHwwiLA9LK.4","action":"ProcessGetUpdates", "result":"Done", "context":{"dataType":"History", "deleted":"0", "process_failed_to_decrypt":"0", "process_pending_decryption":"0", "process_success":"35", "total":"35"}}
{"logTime": "1209/182758", "correlationVector":"GufX5w1yv1rTEHwwiLA9LK.5","action":"GetUpdates Response", "result":"Success", "context":Received 47 update(s). cV=GufX5w1yv1rTEHwwiLA9LK.0;server=akswtt023000004;cloudType=Consumer;environment=Prod_southindia_prod-s01-004-apac-southindia;migrationStage=NotStarted}
{"logTime": "1209/182759", "correlationVector":"CSwLQ6D+KW03KUb3BAEu2H","action":"SyncServerConnectionManagerRequest", "result":"SYNC_SERVER_ERROR", "context":{"environment":"", "error_type":"http_status_code", "error_value":"400", "migrationStage":"", "server":""}}
{"logTime": "1209/182817", "correlationVector":"Dir8eQ3O8IMDmlcwSRLIaW","action":"Commit Request", "result":"", "context":Item count: 1
Contributing types: Preferences}
{"logTime": "1209/182817", "correlationVector":"Dir8eQ3O8IMDmlcwSRLIaW.1","action":"SyncServerConnectionManagerRequest", "result":"SYNC_SERVER_OK", "context":{"environment":"Prod_southindia_prod-s01-004-apac-southindia", "migrationStage":"NotStarted", "server":"akswtt023000004"}}
{"logTime": "1209/182817", "correlationVector":"Dir8eQ3O8IMDmlcwSRLIaW.2","action":"Commit Response", "result":"Success", "context":Result: Success. cV=Dir8eQ3O8IMDmlcwSRLIaW.0;server=akswtt023000004;cloudType=Consumer;environment=Prod_southindia_prod-s01-004-apac-southindia;migrationStage=NotStarted}
{"logTime": "1209/183249", "correlationVector":"SgY9UjYGzKT01Pr77u+yvk","action":"Commit Request", "result":"", "context":Item count: 2
Contributing types: Preferences, Sessions}
{"logTime": "1209/183250", "correlationVector":"SgY9UjYGzKT01Pr77u+yvk.1","action":"SyncServerConnectionManagerRequest", "result":"SYNC_SERVER_OK", "context":{"environment":"Prod_southindia_prod-s01-004-apac-southindia", "migrationStage":"NotStarted", "server":"akswtt02300000n"}}
{"logTime": "1209/183250", "correlationVector":"SgY9UjYGzKT01Pr77u+yvk.3","action":"Commit.Sessions", "result":"Success", "context":{"id":"d1b65cd6-81c4-450a-a6c3-9f7e1a6add28", "isDeleted":"true", "size":"0", "version":"1765300406932"}}
{"logTime": "1209/183250", "correlationVector":"SgY9UjYGzKT01Pr77u+yvk.2","action":"Commit Response", "result":"Success", "context":Result: Success. cV=SgY9UjYGzKT01Pr77u+yvk.0;server=akswtt02300000n;cloudType=Consumer;environment=Prod_southindia_prod-s01-004-apac-southindia;migrationStage=NotStarted}
{"logTime": "1209/183302", "correlationVector":"ZFBkDJJiiaOSV43nmnJoT9","action":"Commit Request", "result":"", "context":Item count: 5
Contributing types: Preferences, Sessions, History}
{"logTime": "1209/183303", "correlationVector":"ZFBkDJJiiaOSV43nmnJoT9.1","action":"SyncServerConnectionManagerRequest", "result":"SYNC_SERVER_OK", "context":{"environment":"Prod_southindia_prod-s01-004-apac-southindia", "migrationStage":"NotStarted", "server":"akswtt02300000h"}}
{"logTime": "1209/183303", "correlationVector":"ZFBkDJJiiaOSV43nmnJoT9.2","action":"Commit Response", "result":"Success", "context":Result: Success. cV=ZFBkDJJiiaOSV43nmnJoT9.0;server=akswtt02300000h;cloudType=Consumer;environment=Prod_southindia_prod-s01-004-apac-southindia;migrationStage=NotStarted}
{"logTime": "1209/183428", "correlationVector":"r2RQ+TgtLTah3JzhQPWLy0","action":"Commit Request", "result":"", "context":Item count: 5
Contributing types: Sessions, History}
{"logTime": "1209/183429", "correlationVector":"r2RQ+TgtLTah3JzhQPWLy0.1","action":"SyncServerConnectionManagerRequest", "result":"SYNC_SERVER_OK", "context":{"environment":"Prod_southindia_prod-s01-004-apac-southindia", "migrationStage":"NotStarted", "server":"akswtt02300002l"}}
{"logTime": "1209/183429", "correlationVector":"r2RQ+TgtLTah3JzhQPWLy0.3","action":"Commit.Sessions", "result":"Success", "context":{"id":"d1b65cd6-81c4-450a-a6c3-9f7e1a6add28", "isDeleted":"true", "size":"0", "version":"1765305183149"}}
{"logTime": "1209/183429", "correlationVector":"r2RQ+TgtLTah3JzhQPWLy0.2","action":"Commit Response", "result":"Success", "context":Result: Success. cV=r2RQ+TgtLTah3JzhQPWLy0.0;server=akswtt02300002l;cloudType=Consumer;environment=Prod_southindia_prod-s01-004-apac-southindia;migrationStage=NotStarted}
{"logTime": "1209/190642", "correlationVector":"ieM6Hqdt7FZcSGVYs0U3Ld","action":"Normal GetUpdate request", "result":"", "context":cV=ieM6Hqdt7FZcSGVYs0U3Ld
Nudged types: Preferences, Sessions, History
Refresh requested types: Bookmarks, Preferences, Passwords, Autofill Profiles, Autofill, Extensions, Sessions, Extension settings, History Delete Directives, Device Info, User Consents, Send Tab To Self, Web Apps, History, Saved Tab Group, WebAuthn Credentials, Collection, Edge E Drop, Edge Hub App Usage, Edge Wallet, Encryption Keys}
{"logTime": "1209/190642", "correlationVector":"ieM6Hqdt7FZcSGVYs0U3Ld.1","action":"SyncServerConnectionManagerRequest", "result":"SYNC_AUTH_ERROR", "context":{"environment":"Prod_southindia_prod-s01-004-apac-southindia", "migrationStage":"NotStarted", "server":"akswtt02300001e"}}
{"logTime": "1209/190642", "correlationVector":"ieM6Hqdt7FZcSGVYs0U3Ld.2","action":"GetUpdates Response", "result":"HTTP error (401)", "context":Received error: HTTP error (401). cV=ieM6Hqdt7FZcSGVYs0U3Ld.0;server=akswtt02300001e;cloudType=Undetermined;environment=Prod_southindia_prod-s01-004-apac-southindia;migrationStage=NotStarted}
{"logTime": "1209/190643", "correlationVector":"ieM6Hqdt7FZcSGVYs0U3Ld.3","action":"SyncServerConnectionManagerRequest", "result":"SYNC_SERVER_OK", "context":{"environment":"", "migrationStage":"", "server":""}}
{"logTime": "1209/190643", "correlationVector":"ieM6Hqdt7FZcSGVYs0U3Ld.4","action":"EncryptionKeysFetcher.DownloadKeys:", "result":"Success", "context":Key count: 7, Last key timestamp: 2025-08-26T12:10:07Z}
{"logTime": "1209/190643", "correlationVector":"ieM6Hqdt7FZcSGVYs0U3Ld.5","action":"EncryptionKeysManager::SetEncryptionKeys:", "result":"Success", "context":Key names[7]:[RTGOKWAtmR8Mq1+2xDlxlARqrwvilHDYkpzgyTA+qcjuIAoQHOhd5JVpTSSDBD0tqcjtpQoeibjOXGGq2ZSg4g==][tGCRdW142d8jNMRDu/xtGL8rQOvYkAwk63m5ZG9BmjENihwkyVK+pG/PwlbykX5vaS/XBkfb+THAwTAn3CR3Hw==][ilZHRrAXDfyRR/FYBhGOxNhu0XbudnT/lmHEx6k6GP98+uSUbZB9fboIfTwXIyRDYZB+PSyNZz0I6ANICytzkQ==][Zm2y3yXVVTgYIngu5Erl4LTVT/Z+2E7Vci7s9LamRaiS25JmqUE9dKqUe+sUAcJWAFOC5/YilI1jyG8QxBqCug==][P8Z/UFNhI4IiLvaRscAGy0NTynZ5C+siZd9jOCKjpfcQEI4H6yE913uhf/SBJLh07qvG3vc1UHHEcPDIwdjUTg==][A0igVUh5d1UFy6Q7BstA8JfYFxvKgc0B9qe+1SRY9QXVqPVgjMRgrKuE/bC21fxmJ9622FsKgd8mScu0nBq9dA==][qW8oFUT2bLALMg6SKFBgpl8dFzk5rcu6aqeE3fDAcz3leWqZfCdBcVmLnz9bO1CA4TzPyE2f3bIa0BzPu6fzVA==]}
{"logTime": "1209/190643", "correlationVector":"ieM6Hqdt7FZcSGVYs0U3Ld.6","action":"EncryptionKeysManager::SetEncryptionKeysWithTimestamps:", "result":"Success", "context":Key timestamps[7]:[2021-01-16T09:30:23Z][2021-08-04T05:23:55Z][2022-02-11T16:02:43Z][2022-08-20T18:52:36Z][2023-10-23T04:22:57Z][2025-02-26T18:48:35Z][2025-08-26T12:10:07Z]}
{"logTime": "1209/190643", "correlationVector":"xtKUoTHSXB1YKOtnVL8vY+","action":"Normal GetUpdate request", "result":"", "context":cV=xtKUoTHSXB1YKOtnVL8vY+
Nudged types: Preferences, Sessions, History
Refresh requested types: Bookmarks, Preferences, Passwords, Autofill Profiles, Autofill, Extensions, Sessions, Extension settings, History Delete Directives, Device Info, User Consents, Send Tab To Self, Web Apps, History, Saved Tab Group, WebAuthn Credentials, Collection, Edge E Drop, Edge Hub App Usage, Edge Wallet, Encryption Keys}
{"logTime": "1209/190643", "correlationVector":"xtKUoTHSXB1YKOtnVL8vY+.1","action":"SyncServerConnectionManagerRequest", "result":"SYNC_SERVER_OK", "context":{"environment":"Prod_southindia_prod-s01-004-apac-southindia", "migrationStage":"NotStarted", "server":"akswtt02300001p"}}
{"logTime": "1209/190643", "correlationVector":"xtKUoTHSXB1YKOtnVL8vY+.2","action":"ProcessGetUpdates", "result":"Done", "context":{"dataType":"Preferences", "deleted":"0", "process_failed_to_decrypt":"0", "process_pending_decryption":"0", "process_success":"2", "total":"2"}}
{"logTime": "1209/190643", "correlationVector":"xtKUoTHSXB1YKOtnVL8vY+.3","action":"ProcessGetUpdates", "result":"Done", "context":{"dataType":"Autofill Profiles", "deleted":"0", "process_failed_to_decrypt":"0", "process_pending_decryption":"0", "process_success":"1", "total":"1"}}
{"logTime": "1209/190643", "correlationVector":"xtKUoTHSXB1YKOtnVL8vY+.4","action":"ProcessGetUpdates", "result":"Done", "context":{"dataType":"Autofill", "deleted":"0", "process_failed_to_decrypt":"0", "process_pending_decryption":"0", "process_success":"1", "total":"1"}}
{"logTime": "1209/190643", "correlationVector":"xtKUoTHSXB1YKOtnVL8vY+.5","action":"ProcessGetUpdates", "result":"Done", "context":{"dataType":"Sessions", "deleted":"1", "process_failed_to_decrypt":"0", "process_pending_decryption":"0", "process_success":"5", "total":"5"}}
{"logTime": "1209/190643", "correlationVector":"xtKUoTHSXB1YKOtnVL8vY+.6","action":"ProcessGetUpdates", "result":"Done", "context":{"dataType":"Device Info", "deleted":"0", "process_failed_to_decrypt":"0", "process_pending_decryption":"0", "process_success":"1", "total":"1"}}
{"logTime": "1209/190643", "correlationVector":"xtKUoTHSXB1YKOtnVL8vY+.7","action":"ProcessGetUpdates", "result":"Done", "context":{"dataType":"History", "deleted":"0", "process_failed_to_decrypt":"0", "process_pending_decryption":"0", "process_success":"18", "total":"18"}}
{"logTime": "1209/190643", "correlationVector":"xtKUoTHSXB1YKOtnVL8vY+.8","action":"GetUpdates Response", "result":"Success", "context":Received 28 update(s). cV=xtKUoTHSXB1YKOtnVL8vY+.0;server=akswtt02300001p;cloudType=Consumer;environment=Prod_southindia_prod-s01-004-apac-southindia;migrationStage=NotStarted}
{"logTime": "1209/190643", "correlationVector":"1NfgHvyhZwwbUwB+gy5DJY","action":"Commit Request", "result":"", "context":Item count: 40
Contributing types: Preferences, Sessions}
{"logTime": "1210/030743", "correlationVector":"1NfgHvyhZwwbUwB+gy5DJY.1","action":"SyncServerConnectionManagerRequest", "result":"SYNC_SERVER_OK", "context":{"environment":"Prod_southindia_prod-s01-004-apac-southindia", "migrationStage":"NotStarted", "server":"akswtt02300000w"}}
{"logTime": "1210/030743", "correlationVector":"1NfgHvyhZwwbUwB+gy5DJY.2","action":"Commit Response", "result":"Success", "context":Result: Success. cV=1NfgHvyhZwwbUwB+gy5DJY.0;server=akswtt02300000w;cloudType=Consumer;environment=Prod_southindia_prod-s01-004-apac-southindia;migrationStage=NotStarted}
{"logTime": "1210/030743", "correlationVector":"1NfgHvyhZwwbUwB+gy5DJY.3","action":"Commit.Sessions", "result":"Success", "context":{"id":"b8d450a0-8aab-4212-8372-3d24175d6e0c", "isDeleted":"true", "size":"0", "version":"1765267741578"}}
{"logTime": "1210/030743", "correlationVector":"1NfgHvyhZwwbUwB+gy5DJY.4","action":"Commit.Sessions", "result":"Success", "context":{"id":"fe10fa31-9e1a-403d-8756-158328fec6cb", "isDeleted":"true", "size":"0", "version":"1765267744193"}}
{"logTime": "1210/030743", "correlationVector":"1NfgHvyhZwwbUwB+gy5DJY.5","action":"Commit.Sessions", "result":"Success", "context":{"id":"8bc053d8-0ae5-471f-b3c0-cde9df8c940e", "isDeleted":"true", "size":"0", "version":"1765296615245"}}
{"logTime": "1210/030743", "correlationVector":"1NfgHvyhZwwbUwB+gy5DJY.6","action":"Commit.Sessions", "result":"Success", "context":{"id":"4c445d44-fb9a-412b-8c66-2069efff8312", "isDeleted":"true", "size":"0", "version":"1765267744163"}}
{"logTime": "1210/030743", "correlationVector":"1NfgHvyhZwwbUwB+gy5DJY.7","action":"Commit.Sessions", "result":"Success", "context":{"id":"f50cd0a2-882a-43b8-99a5-cbf8671d78fb", "isDeleted":"true", "size":"0", "version":"1765267741599"}}
{"logTime": "1210/030743", "correlationVector":"1NfgHvyhZwwbUwB+gy5DJY.8","action":"Commit.Sessions", "result":"Success", "context":{"id":"07680306-cfae-47e5-8769-ba37b95a6b99", "isDeleted":"true", "size":"0", "version":"1765267741591"}}
{"logTime": "1210/030743", "correlationVector":"1NfgHvyhZwwbUwB+gy5DJY.9","action":"Commit.Sessions", "result":"Success", "context":{"id":"19e0c211-f73a-400e-bb25-da03b27406f0", "isDeleted":"true", "size":"0", "version":"1765267744198"}}
{"logTime": "1210/030743", "correlationVector":"1NfgHvyhZwwbUwB+gy5DJY.10","action":"Commit.Sessions", "result":"Success", "context":{"id":"e2caa96f-a8f1-4287-a839-0f2e584e3ab3", "isDeleted":"true", "size":"0", "version":"1765267741608"}}
{"logTime": "1210/030743", "correlationVector":"1NfgHvyhZwwbUwB+gy5DJY.11","action":"Commit.Sessions", "result":"Success", "context":{"id":"5218a0de-d38a-4202-8e7d-199944074a30", "isDeleted":"true", "size":"0", "version":"1765267744191"}}
{"logTime": "1210/030743", "correlationVector":"1NfgHvyhZwwbUwB+gy5DJY.12","action":"Commit.Sessions", "result":"Success", "context":{"id":"44c6f6c9-5241-483b-9369-e09d2cb1dea5", "isDeleted":"true", "size":"0", "version":"1765267741595"}}
{"logTime": "1210/030743", "correlationVector":"1NfgHvyhZwwbUwB+gy5DJY.13","action":"Commit.Sessions", "result":"Success", "context":{"id":"0920721a-ae66-457b-8115-fc7d28d76d04", "isDeleted":"true", "size":"0", "version":"1765267741586"}}
{"logTime": "1210/030743", "correlationVector":"1NfgHvyhZwwbUwB+gy5DJY.14","action":"Commit.Sessions", "result":"Success", "context":{"id":"119851f7-5cb5-40a0-8c4b-6c8584de3591", "isDeleted":"true", "size":"0", "version":"1765305268995"}}
{"logTime": "1210/030743", "correlationVector":"1NfgHvyhZwwbUwB+gy5DJY.15","action":"Commit.Sessions", "result":"Success", "context":{"id":"6c78d07c-d945-4209-818c-f46f3217c6a3", "isDeleted":"true", "size":"0", "version":"1765267741606"}}
{"logTime": "1210/030743", "correlationVector":"1NfgHvyhZwwbUwB+gy5DJY.16","action":"Commit.Sessions", "result":"Success", "context":{"id":"8d5d4dad-a917-42b9-affc-7eb9e6ed3553", "isDeleted":"true", "size":"0", "version":"1765267744195"}}
{"logTime": "1210/030743", "correlationVector":"1NfgHvyhZwwbUwB+gy5DJY.17","action":"Commit.Sessions", "result":"Success", "context":{"id":"db08043c-8106-4b0b-a02f-c8c37325a830", "isDeleted":"true", "size":"0", "version":"1765267741612"}}
{"logTime": "1210/030743", "correlationVector":"1NfgHvyhZwwbUwB+gy5DJY.18","action":"Commit.Sessions", "result":"Success", "context":{"id":"c22950f1-c03b-4f52-bd3b-34aecc57302f", "isDeleted":"true", "size":"0", "version":"1765267741601"}}
{"logTime": "1210/030743", "correlationVector":"1NfgHvyhZwwbUwB+gy5DJY.19","action":"Commit.Sessions", "result":"Success", "context":{"id":"f6207111-ee4f-4284-a01d-e5057c562242", "isDeleted":"true", "size":"0", "version":"1765267741600"}}
{"logTime": "1210/030743", "correlationVector":"1NfgHvyhZwwbUwB+gy5DJY.20","action":"Commit.Sessions", "result":"Success", "context":{"id":"1cf61aa5-fd3a-435b-b134-a49e79d4f27c", "isDeleted":"true", "size":"0", "version":"1765267741581"}}
{"logTime": "1210/030743", "correlationVector":"aoHrR2xzzNG4QUj6+PEMFp","action":"Commit Request", "result":"", "context":Item count: 40
Contributing types: Sessions}
{"logTime": "1210/030746", "correlationVector":"aoHrR2xzzNG4QUj6+PEMFp.1","action":"SyncServerConnectionManagerRequest", "result":"SYNC_SERVER_OK", "context":{"environment":"Prod_southindia_prod-s01-004-apac-southindia", "migrationStage":"NotStarted", "server":"akswtt02300000d"}}
{"logTime": "1210/030746", "correlationVector":"aoHrR2xzzNG4QUj6+PEMFp.3","action":"Commit.Sessions", "result":"Success", "context":{"id":"63fe4e18-314d-4ac7-a871-78b9746e74fb", "isDeleted":"true", "size":"0", "version":"1765267741582"}}
{"logTime": "1210/030746", "correlationVector":"aoHrR2xzzNG4QUj6+PEMFp.4","action":"Commit.Sessions", "result":"Success", "context":{"id":"e716477b-d889-4c5a-a9cc-d7473fbe898e", "isDeleted":"true", "size":"0", "version":"1765267741602"}}
{"logTime": "1210/030746", "correlationVector":"aoHrR2xzzNG4QUj6+PEMFp.5","action":"Commit.Sessions", "result":"Success", "context":{"id":"8098d50f-6b52-4c18-bd80-e03f54d1d39e", "isDeleted":"true", "size":"0", "version":"1765267744181"}}
{"logTime": "1210/030746", "correlationVector":"aoHrR2xzzNG4QUj6+PEMFp.2","action":"Commit Response", "result":"Success", "context":Result: Success. cV=aoHrR2xzzNG4QUj6+PEMFp.0;server=akswtt02300000d;cloudType=Consumer;environment=Prod_southindia_prod-s01-004-apac-southindia;migrationStage=NotStarted}
{"logTime": "1210/030746", "correlationVector":"aoHrR2xzzNG4QUj6+PEMFp.6","action":"Commit.Sessions", "result":"Success", "context":{"id":"714b5a5c-b398-4992-a255-71f56684bbbc", "isDeleted":"true", "size":"0", "version":"1765267744197"}}
{"logTime": "1210/030746", "correlationVector":"aoHrR2xzzNG4QUj6+PEMFp.7","action":"Commit.Sessions", "result":"Success", "context":{"id":"9c40f69e-b873-4ea6-aa28-fa0082ac36ef", "isDeleted":"true", "size":"0", "version":"1765267744190"}}
{"logTime": "1210/030746", "correlationVector":"aoHrR2xzzNG4QUj6+PEMFp.8","action":"Commit.Sessions", "result":"Success", "context":{"id":"2ddd0696-3078-4bb1-a02f-10c76e59d7cb", "isDeleted":"true", "size":"0", "version":"1765267741585"}}
{"logTime": "1210/030746", "correlationVector":"aoHrR2xzzNG4QUj6+PEMFp.9","action":"Commit.Sessions", "result":"Success", "context":{"id":"972131e5-55b4-4863-ba2f-b73a0e524cce", "isDeleted":"true", "size":"0", "version":"1765267741596"}}
{"logTime": "1210/030746", "correlationVector":"aoHrR2xzzNG4QUj6+PEMFp.10","action":"Commit.Sessions", "result":"Success", "context":{"id":"872cdb14-25d1-4ac7-8dfa-494c27497ef4", "isDeleted":"true", "size":"0", "version":"1765267741597"}}
{"logTime": "1210/030746", "correlationVector":"aoHrR2xzzNG4QUj6+PEMFp.11","action":"Commit.Sessions", "result":"Success", "context":{"id":"0f7a311a-d7d6-4fb7-bea6-129e366a046c", "isDeleted":"true", "size":"0", "version":"1765267746761"}}
{"logTime": "1210/030746", "correlationVector":"aoHrR2xzzNG4QUj6+PEMFp.12","action":"Commit.Sessions", "result":"Success", "context":{"id":"dd9a989b-9112-421d-8da6-5bbc5ab0949c", "isDeleted":"true", "size":"0", "version":"1765267741609"}}
{"logTime": "1210/030746", "correlationVector":"aoHrR2xzzNG4QUj6+PEMFp.13","action":"Commit.Sessions", "result":"Success", "context":{"id":"f5cc0b55-4475-431e-bbd4-1365b2ed1288", "isDeleted":"true", "size":"0", "version":"1765267741589"}}
{"logTime": "1210/030746", "correlationVector":"aoHrR2xzzNG4QUj6+PEMFp.14","action":"Commit.Sessions", "result":"Success", "context":{"id":"3e72b92a-d57d-464c-96f3-37c7ea070294", "isDeleted":"true", "size":"0", "version":"1765267746759"}}
{"logTime": "1210/030746", "correlationVector":"aoHrR2xzzNG4QUj6+PEMFp.15","action":"Commit.Sessions", "result":"Success", "context":{"id":"0a272fd5-16df-472f-a0b5-88c1c1e27a93", "isDeleted":"true", "size":"0", "version":"1765267744188"}}
{"logTime": "1210/030746", "correlationVector":"aoHrR2xzzNG4QUj6+PEMFp.16","action":"Commit.Sessions", "result":"Success", "context":{"id":"866276d1-a362-46e3-9eee-367d52bc48f6", "isDeleted":"true", "size":"0", "version":"1765267741587"}}
{"logTime": "1210/030746", "correlationVector":"aoHrR2xzzNG4QUj6+PEMFp.17","action":"Commit.Sessions", "result":"Success", "context":{"id":"0da2d62c-ceaa-4730-984e-d92a5fa98db8", "isDeleted":"true", "size":"0", "version":"1765267741607"}}
{"logTime": "1210/030746", "correlationVector":"aoHrR2xzzNG4QUj6+PEMFp.18","action":"Commit.Sessions", "result":"Success", "context":{"id":"454b7c2a-9664-4ca3-b19c-84b6d2aa96f1", "isDeleted":"true", "size":"0", "version":"1765267744172"}}
{"logTime": "1210/030746", "correlationVector":"aoHrR2xzzNG4QUj6+PEMFp.19","action":"Commit.Sessions", "result":"Success", "context":{"id":"75c3f604-0ecb-4ff8-9490-c519073b2bd2", "isDeleted":"true", "size":"0", "version":"1765267744170"}}
{"logTime": "1210/030746", "correlationVector":"aoHrR2xzzNG4QUj6+PEMFp.20","action":"Commit.Sessions", "result":"Success", "context":{"id":"ad3368de-70ce-4cad-92bc-d988e1979316", "isDeleted":"true", "size":"0", "version":"1765267741580"}}
{"logTime": "1210/030746", "correlationVector":"aoHrR2xzzNG4QUj6+PEMFp.21","action":"Commit.Sessions", "result":"Success", "context":{"id":"03b58547-1f6c-4c4d-8512-bbc1e4a1870e", "isDeleted":"true", "size":"0", "version":"1765267741610"}}
{"logTime": "1210/030746", "correlationVector":"aoHrR2xzzNG4QUj6+PEMFp.22","action":"Commit.Sessions", "result":"Success", "context":{"id":"a26df442-bb2e-4128-a864-3f8a75e631b3", "isDeleted":"true", "size":"0", "version":"1765267741583"}}
{"logTime": "1210/030746", "correlationVector":"aoHrR2xzzNG4QUj6+PEMFp.23","action":"Commit.Sessions", "result":"Success", "context":{"id":"6ed53643-ce6e-4416-9b79-5149f6b7df80", "isDeleted":"true", "size":"0", "version":"1765267744173"}}
{"logTime": "1210/030746", "correlationVector":"TZOe+LHfo6kVR5cm7f0maS","action":"Commit Request", "result":"", "context":Item count: 4
Contributing types: Sessions, History}
{"logTime": "1210/030746", "correlationVector":"TZOe+LHfo6kVR5cm7f0maS.1","action":"SyncServerConnectionManagerRequest", "result":"SYNC_SERVER_OK", "context":{"environment":"Prod_southindia_prod-s01-004-apac-southindia", "migrationStage":"NotStarted", "server":"akswtt02300002x"}}
{"logTime": "1210/030746", "correlationVector":"TZOe+LHfo6kVR5cm7f0maS.2","action":"Commit Response", "result":"Success", "context":Result: Success. cV=TZOe+LHfo6kVR5cm7f0maS.0;server=akswtt02300002x;cloudType=Consumer;environment=Prod_southindia_prod-s01-004-apac-southindia;migrationStage=NotStarted}
{"logTime": "1210/030806", "correlationVector":"yDMJpAA7Wso2AO0qGDPgUo","action":"Commit Request", "result":"", "context":Item count: 1
Contributing types: Preferences}
{"logTime": "1210/030806", "correlationVector":"yDMJpAA7Wso2AO0qGDPgUo.1","action":"SyncServerConnectionManagerRequest", "result":"SYNC_SERVER_OK", "context":{"environment":"Prod_southindia_prod-s01-004-apac-southindia", "migrationStage":"NotStarted", "server":"akswtt02300000d"}}
{"logTime": "1210/030806", "correlationVector":"yDMJpAA7Wso2AO0qGDPgUo.2","action":"Commit Response", "result":"Success", "context":Result: Success. cV=yDMJpAA7Wso2AO0qGDPgUo.0;server=akswtt02300000d;cloudType=Consumer;environment=Prod_southindia_prod-s01-004-apac-southindia;migrationStage=NotStarted}
{"logTime": "1210/030824", "correlationVector":"00lFdGFPCGQWj/b/XC91Oa","action":"Normal GetUpdate request", "result":"", "context":cV=00lFdGFPCGQWj/b/XC91Oa
Nudged types: Sessions, History
Notified types: Device Info}
{"logTime": "1210/030825", "correlationVector":"00lFdGFPCGQWj/b/XC91Oa.1","action":"SyncServerConnectionManagerRequest", "result":"SYNC_SERVER_OK", "context":{"environment":"Prod_southindia_prod-s01-004-apac-southindia", "migrationStage":"NotStarted", "server":"akswtt023000014"}}
{"logTime": "1210/030825", "correlationVector":"00lFdGFPCGQWj/b/XC91Oa.2","action":"ProcessGetUpdates", "result":"Done", "context":{"dataType":"Preferences", "deleted":"0", "process_failed_to_decrypt":"0", "process_pending_decryption":"0", "process_success":"3", "total":"3"}}
{"logTime": "1210/030825", "correlationVector":"00lFdGFPCGQWj/b/XC91Oa.3","action":"ProcessGetUpdates", "result":"Done", "context":{"dataType":"Sessions", "deleted":"39", "process_failed_to_decrypt":"0", "process_pending_decryption":"0", "process_success":"79", "total":"79"}}
{"logTime": "1210/030825", "correlationVector":"00lFdGFPCGQWj/b/XC91Oa.4","action":"ProcessGetUpdates", "result":"Done", "context":{"dataType":"Device Info", "deleted":"0", "process_failed_to_decrypt":"0", "process_pending_decryption":"0", "process_success":"1", "total":"1"}}
{"logTime": "1210/030825", "correlationVector":"00lFdGFPCGQWj/b/XC91Oa.5","action":"ProcessGetUpdates", "result":"Done", "context":{"dataType":"History", "deleted":"0", "process_failed_to_decrypt":"0", "process_pending_decryption":"0", "process_success":"3", "total":"3"}}
{"logTime": "1210/030825", "correlationVector":"00lFdGFPCGQWj/b/XC91Oa.6","action":"GetUpdates Response", "result":"Success", "context":Received 86 update(s). cV=00lFdGFPCGQWj/b/XC91Oa.0;server=akswtt023000014;cloudType=Consumer;environment=Prod_southindia_prod-s01-004-apac-southindia;migrationStage=NotStarted}
{"logTime": "1210/030825", "correlationVector":"l/FDG+072p0nWcOQ8HGB6X","action":"Commit Request", "result":"", "context":Item count: 2
Contributing types: Sessions, History}
{"logTime": "1210/030825", "correlationVector":"l/FDG+072p0nWcOQ8HGB6X.1","action":"SyncServerConnectionManagerRequest", "result":"SYNC_SERVER_OK", "context":{"environment":"Prod_southindia_prod-s01-004-apac-southindia", "migrationStage":"NotStarted", "server":"akswtt023000034"}}
{"logTime": "1210/030825", "correlationVector":"l/FDG+072p0nWcOQ8HGB6X.2","action":"Commit Response", "result":"Success", "context":Result: Success. cV=l/FDG+072p0nWcOQ8HGB6X.0;server=akswtt023000034;cloudType=Consumer;environment=Prod_southindia_prod-s01-004-apac-southindia;migrationStage=NotStarted}
{"logTime": "1210/034935", "correlationVector":"o93+6sqFIaynYvavHGW2m7","action":"Normal GetUpdate request", "result":"", "context":cV=o93+6sqFIaynYvavHGW2m7
Notified types: Device Info}
{"logTime": "1210/034936", "correlationVector":"o93+6sqFIaynYvavHGW2m7.1","action":"SyncServerConnectionManagerRequest", "result":"SYNC_SERVER_OK", "context":{"environment":"Prod_southindia_prod-s01-004-apac-southindia", "migrationStage":"NotStarted", "server":"akswtt02300002l"}}
{"logTime": "1210/034936", "correlationVector":"o93+6sqFIaynYvavHGW2m7.2","action":"ProcessGetUpdates", "result":"Done", "context":{"dataType":"Sessions", "deleted":"0", "process_failed_to_decrypt":"0", "process_pending_decryption":"0", "process_success":"1", "total":"1"}}
{"logTime": "1210/034936", "correlationVector":"o93+6sqFIaynYvavHGW2m7.3","action":"ProcessGetUpdates", "result":"Done", "context":{"dataType":"Device Info", "deleted":"0", "process_failed_to_decrypt":"0", "process_pending_decryption":"0", "process_success":"1", "total":"1"}}
{"logTime": "1210/034936", "correlationVector":"o93+6sqFIaynYvavHGW2m7.4","action":"ProcessGetUpdates", "result":"Done", "context":{"dataType":"History", "deleted":"0", "process_failed_to_decrypt":"0", "process_pending_decryption":"0", "process_success":"1", "total":"1"}}
{"logTime": "1210/034936", "correlationVector":"o93+6sqFIaynYvavHGW2m7.5","action":"GetUpdates Response", "result":"Success", "context":Received 3 update(s). cV=o93+6sqFIaynYvavHGW2m7.0;server=akswtt02300002l;cloudType=Consumer;environment=Prod_southindia_prod-s01-004-apac-southindia;migrationStage=NotStarted}
{"logTime": "1210/035525", "correlationVector":"7u8NV2q3bM4uyzKErx7mSa","action":"Commit Request", "result":"", "context":Item count: 4
Contributing types: Preferences, Sessions, History}
{"logTime": "1210/035526", "correlationVector":"7u8NV2q3bM4uyzKErx7mSa.1","action":"SyncServerConnectionManagerRequest", "result":"SYNC_SERVER_OK", "context":{"environment":"Prod_southindia_prod-s01-004-apac-southindia", "migrationStage":"NotStarted", "server":"akswtt023000033"}}
{"logTime": "1210/035526", "correlationVector":"7u8NV2q3bM4uyzKErx7mSa.2","action":"Commit Response", "result":"Success", "context":Result: Success. cV=7u8NV2q3bM4uyzKErx7mSa.0;server=akswtt023000033;cloudType=Consumer;environment=Prod_southindia_prod-s01-004-apac-southindia;migrationStage=NotStarted}
{"logTime": "1210/035559", "correlationVector":"HynPEMJ+hPAf5l+AHBjZhu","action":"Commit Request", "result":"", "context":Item count: 18
Contributing types: Preferences, Sessions, History}
{"logTime": "1210/035600", "correlationVector":"HynPEMJ+hPAf5l+AHBjZhu.1","action":"SyncServerConnectionManagerRequest", "result":"SYNC_SERVER_OK", "context":{"environment":"Prod_southindia_prod-s01-004-apac-southindia", "migrationStage":"NotStarted", "server":"akswtt02300001v"}}
{"logTime": "1210/035600", "correlationVector":"HynPEMJ+hPAf5l+AHBjZhu.2","action":"Commit Response", "result":"Success", "context":Result: Success. cV=HynPEMJ+hPAf5l+AHBjZhu.0;server=akswtt02300001v;cloudType=Consumer;environment=Prod_southindia_prod-s01-004-apac-southindia;migrationStage=NotStarted}
{"logTime": "1210/035656", "correlationVector":"7jTWem07knHt1D6oFYQQhr","action":"Commit Request", "result":"", "context":Item count: 10
Contributing types: Autofill, Sessions, History}
{"logTime": "1210/035657", "correlationVector":"7jTWem07knHt1D6oFYQQhr.1","action":"SyncServerConnectionManagerRequest", "result":"SYNC_SERVER_OK", "context":{"environment":"Prod_southindia_prod-s01-004-apac-southindia", "migrationStage":"NotStarted", "server":"akswtt023000002"}}
{"logTime": "1210/035657", "correlationVector":"7jTWem07knHt1D6oFYQQhr.3","action":"Commit.Sessions", "result":"Success", "context":{"id":"138104cd-ec74-4ac6-961e-33ad20764bcf", "isDeleted":"true", "size":"0", "version":"1765338959772"}}
{"logTime": "1210/035657", "correlationVector":"7jTWem07knHt1D6oFYQQhr.2","action":"Commit Response", "result":"Success", "context":Result: Success. cV=7jTWem07knHt1D6oFYQQhr.0;server=akswtt023000002;cloudType=Consumer;environment=Prod_southindia_prod-s01-004-apac-southindia;migrationStage=NotStarted}
{"logTime": "1210/035814", "correlationVector":"zmHyGoSICi8kmQuTWF0+Lv","action":"Commit Request", "result":"", "context":Item count: 2
Contributing types: Sessions}
{"logTime": "1210/035815", "correlationVector":"zmHyGoSICi8kmQuTWF0+Lv.1","action":"SyncServerConnectionManagerRequest", "result":"SYNC_SERVER_OK", "context":{"environment":"Prod_southindia_prod-s01-004-apac-southindia", "migrationStage":"NotStarted", "server":"akswtt023000014"}}
{"logTime": "1210/035815", "correlationVector":"zmHyGoSICi8kmQuTWF0+Lv.2","action":"Commit Response", "result":"Success", "context":Result: Success. cV=zmHyGoSICi8kmQuTWF0+Lv.0;server=akswtt023000014;cloudType=Consumer;environment=Prod_southindia_prod-s01-004-apac-southindia;migrationStage=NotStarted}
{"logTime": "1210/040113", "correlationVector":"sQHvNYOqa/RwQ8mWVtBE9a","action":"Commit Request", "result":"", "context":Item count: 1
Contributing types: Preferences}
{"logTime": "1210/040113", "correlationVector":"sQHvNYOqa/RwQ8mWVtBE9a.1","action":"SyncServerConnectionManagerRequest", "result":"SYNC_SERVER_OK", "context":{"environment":"Prod_southindia_prod-s01-004-apac-southindia", "migrationStage":"NotStarted", "server":"akswtt02300000t"}}
{"logTime": "1210/040113", "correlationVector":"sQHvNYOqa/RwQ8mWVtBE9a.2","action":"Commit Response", "result":"Success", "context":Result: Success. cV=sQHvNYOqa/RwQ8mWVtBE9a.0;server=akswtt02300000t;cloudType=Consumer;environment=Prod_southindia_prod-s01-004-apac-southindia;migrationStage=NotStarted}
{"logTime": "1210/040115", "correlationVector":"lmCdMSLFt/zSkFed/KBGAp","action":"Commit Request", "result":"", "context":Item count: 1
Contributing types: Preferences}
{"logTime": "1210/040116", "correlationVector":"lmCdMSLFt/zSkFed/KBGAp.1","action":"SyncServerConnectionManagerRequest", "result":"SYNC_SERVER_OK", "context":{"environment":"Prod_southindia_prod-s01-004-apac-southindia", "migrationStage":"NotStarted", "server":"akswtt023000008"}}
{"logTime": "1210/040116", "correlationVector":"lmCdMSLFt/zSkFed/KBGAp.2","action":"Commit Response", "result":"Success", "context":Result: Success. cV=lmCdMSLFt/zSkFed/KBGAp.0;server=akswtt023000008;cloudType=Consumer;environment=Prod_southindia_prod-s01-004-apac-southindia;migrationStage=NotStarted}
{"logTime": "1210/040222", "correlationVector":"6edooy2EPr6WHvR3ewnDAL","action":"Commit Request", "result":"", "context":Item count: 5
Contributing types: Sessions, History}
{"logTime": "1210/040222", "correlationVector":"6edooy2EPr6WHvR3ewnDAL.1","action":"SyncServerConnectionManagerRequest", "result":"SYNC_SERVER_OK", "context":{"environment":"Prod_southindia_prod-s01-004-apac-southindia", "migrationStage":"NotStarted", "server":"akswtt023000008"}}
{"logTime": "1210/040222", "correlationVector":"6edooy2EPr6WHvR3ewnDAL.2","action":"Commit Response", "result":"Success", "context":Result: Success. cV=6edooy2EPr6WHvR3ewnDAL.0;server=akswtt023000008;cloudType=Consumer;environment=Prod_southindia_prod-s01-004-apac-southindia;migrationStage=NotStarted}
{"logTime": "1210/040737", "correlationVector":"OYgv/4xAmATJQMFQJKuz02","action":"Commit Request", "result":"", "context":Item count: 1
Contributing types: Preferences}
{"logTime": "1210/040737", "correlationVector":"OYgv/4xAmATJQMFQJKuz02.1","action":"SyncServerConnectionManagerRequest", "result":"SYNC_SERVER_OK", "context":{"environment":"Prod_southindia_prod-s01-004-apac-southindia", "migrationStage":"NotStarted", "server":"akswtt02300001e"}}
{"logTime": "1210/040737", "correlationVector":"OYgv/4xAmATJQMFQJKuz02.2","action":"Commit Response", "result":"Success", "context":Result: Success. cV=OYgv/4xAmATJQMFQJKuz02.0;server=akswtt02300001e;cloudType=Consumer;environment=Prod_southindia_prod-s01-004-apac-southindia;migrationStage=NotStarted}
{"logTime": "1210/040856", "correlationVector":"bBLypORRZuUQ4qmTrABdbB","action":"Commit Request", "result":"", "context":Item count: 4
Contributing types: Sessions, History}
{"logTime": "1210/040857", "correlationVector":"bBLypORRZuUQ4qmTrABdbB.1","action":"SyncServerConnectionManagerRequest", "result":"SYNC_SERVER_OK", "context":{"environment":"Prod_southindia_prod-s01-004-apac-southindia", "migrationStage":"NotStarted", "server":"akswtt02300000a"}}
{"logTime": "1210/040857", "correlationVector":"bBLypORRZuUQ4qmTrABdbB.3","action":"Commit.Sessions", "result":"Success", "context":{"id":"387e125c-3922-44c6-ac79-6f7a6b96270e", "isDeleted":"true", "size":"0", "version":"1765339342336"}}
{"logTime": "1210/040857", "correlationVector":"bBLypORRZuUQ4qmTrABdbB.2","action":"Commit Response", "result":"Success", "context":Result: Success. cV=bBLypORRZuUQ4qmTrABdbB.0;server=akswtt02300000a;cloudType=Consumer;environment=Prod_southindia_prod-s01-004-apac-southindia;migrationStage=NotStarted}
{"logTime": "1210/041442", "correlationVector":"0Rz940uvU5qsc5C+RzBFk7","action":"Normal GetUpdate request", "result":"", "context":cV=0Rz940uvU5qsc5C+RzBFk7
Nudged types: Sessions, History
Refresh requested types: Bookmarks, Preferences, Passwords, Autofill Profiles, Autofill, Extensions, Sessions, Extension settings, History Delete Directives, Device Info, User Consents, Send Tab To Self, Web Apps, History, Saved Tab Group, WebAuthn Credentials, Collection, Edge E Drop, Edge Hub App Usage, Edge Wallet, Encryption Keys}
{"logTime": "1210/074903", "correlationVector":"0Rz940uvU5qsc5C+RzBFk7.1","action":"SyncServerConnectionManagerRequest", "result":"SYNC_SERVER_OK", "context":{"environment":"Prod_southeastasia_prod-s01-064-apac-southeastasia", "migrationStage":"NotStarted", "server":"akswtt10800000p"}}
{"logTime": "1210/074903", "correlationVector":"0Rz940uvU5qsc5C+RzBFk7.2","action":"ProcessGetUpdates", "result":"Done", "context":{"dataType":"Preferences", "deleted":"0", "process_failed_to_decrypt":"0", "process_pending_decryption":"0", "process_success":"2", "total":"2"}}
{"logTime": "1210/074903", "correlationVector":"0Rz940uvU5qsc5C+RzBFk7.3","action":"ProcessGetUpdates", "result":"Done", "context":{"dataType":"Autofill", "deleted":"0", "process_failed_to_decrypt":"0", "process_pending_decryption":"0", "process_success":"1", "total":"1"}}
{"logTime": "1210/074903", "correlationVector":"0Rz940uvU5qsc5C+RzBFk7.4","action":"ProcessGetUpdates", "result":"Done", "context":{"dataType":"Sessions", "deleted":"16", "process_failed_to_decrypt":"0", "process_pending_decryption":"0", "process_success":"27", "total":"27"}}
{"logTime": "1210/074903", "correlationVector":"0Rz940uvU5qsc5C+RzBFk7.5","action":"ProcessGetUpdates", "result":"Done", "context":{"dataType":"Device Info", "deleted":"0", "process_failed_to_decrypt":"0", "process_pending_decryption":"0", "process_success":"1", "total":"1"}}
{"logTime": "1210/074903", "correlationVector":"0Rz940uvU5qsc5C+RzBFk7.6","action":"ProcessGetUpdates", "result":"Done", "context":{"dataType":"History", "deleted":"0", "process_failed_to_decrypt":"0", "process_pending_decryption":"0", "process_success":"112", "total":"112"}}
{"logTime": "1210/074903", "correlationVector":"0Rz940uvU5qsc5C+RzBFk7.7","action":"GetUpdates Response", "result":"Success", "context":Received 143 update(s). cV=0Rz940uvU5qsc5C+RzBFk7.0;server=akswtt10800000p;cloudType=Consumer;environment=Prod_southeastasia_prod-s01-064-apac-southeastasia;migrationStage=NotStarted}
{"logTime": "1210/074903", "correlationVector":"pj9Y+y+V1ZgZFZS4kV4hcr","action":"Commit Request", "result":"", "context":Item count: 40
Contributing types: Preferences, Sessions}
{"logTime": "1210/074907", "correlationVector":"pj9Y+y+V1ZgZFZS4kV4hcr.1","action":"SyncServerConnectionManagerRequest", "result":"SYNC_SERVER_OK", "context":{"environment":"Prod_japanwest_prod-s01-066-apac-japanwest", "migrationStage":"NotStarted", "server":"akswtt10800000i"}}
{"logTime": "1210/074907", "correlationVector":"pj9Y+y+V1ZgZFZS4kV4hcr.3","action":"Commit.Sessions", "result":"Success", "context":{"id":"b2a20d57-3743-48a5-9c3f-8dc0abc215dc", "isDeleted":"true", "size":"0", "version":"1765336063453"}}
{"logTime": "1210/074907", "correlationVector":"pj9Y+y+V1ZgZFZS4kV4hcr.4","action":"Commit.Sessions", "result":"Success", "context":{"id":"07a0b788-001a-4a06-bdf4-665209f9f3aa", "isDeleted":"true", "size":"0", "version":"1765336063441"}}
{"logTime": "1210/074907", "correlationVector":"pj9Y+y+V1ZgZFZS4kV4hcr.5","action":"Commit.Sessions", "result":"Success", "context":{"id":"1c2e0f24-1971-4897-a959-ef765b59beb1", "isDeleted":"true", "size":"0", "version":"1765336060228"}}
{"logTime": "1210/074907", "correlationVector":"pj9Y+y+V1ZgZFZS4kV4hcr.6","action":"Commit.Sessions", "result":"Success", "context":{"id":"36ae6535-24e8-4e14-bcea-c68f58eb55d7", "isDeleted":"true", "size":"0", "version":"1765339737129"}}
{"logTime": "1210/074907", "correlationVector":"pj9Y+y+V1ZgZFZS4kV4hcr.7","action":"Commit.Sessions", "result":"Success", "context":{"id":"a2bdb9f6-bb7d-4998-ba01-0714bc4bfcbe", "isDeleted":"true", "size":"0", "version":"1765339342337"}}
{"logTime": "1210/074907", "correlationVector":"pj9Y+y+V1ZgZFZS4kV4hcr.2","action":"Commit Response", "result":"Success", "context":Result: Success. cV=pj9Y+y+V1ZgZFZS4kV4hcr.0;server=akswtt10800000i;cloudType=Consumer;environment=Prod_japanwest_prod-s01-066-apac-japanwest;migrationStage=NotStarted}
{"logTime": "1210/074907", "correlationVector":"pj9Y+y+V1ZgZFZS4kV4hcr.8","action":"Commit.Sessions", "result":"Success", "context":{"id":"2eb7f167-d833-4857-a666-ad9a9fda23b4", "isDeleted":"true", "size":"0", "version":"1765336063434"}}
{"logTime": "1210/074907", "correlationVector":"pj9Y+y+V1ZgZFZS4kV4hcr.9","action":"Commit.Sessions", "result":"Success", "context":{"id":"3abcf9e1-a286-434b-bbbe-0aa4c6620bd6", "isDeleted":"true", "size":"0", "version":"1765336063431"}}
{"logTime": "1210/074907", "correlationVector":"pj9Y+y+V1ZgZFZS4kV4hcr.10","action":"Commit.Sessions", "result":"Success", "context":{"id":"10c22a7d-2e14-4391-82bc-62584313472f", "isDeleted":"true", "size":"0", "version":"1765336060237"}}
{"logTime": "1210/074907", "correlationVector":"pj9Y+y+V1ZgZFZS4kV4hcr.11","action":"Commit.Sessions", "result":"Success", "context":{"id":"88c83134-f6ca-4364-bc2c-43f7bacdbd34", "isDeleted":"true", "size":"0", "version":"1765336063461"}}
{"logTime": "1210/074907", "correlationVector":"pj9Y+y+V1ZgZFZS4kV4hcr.12","action":"Commit.Sessions", "result":"Success", "context":{"id":"e959af04-8104-4fcd-b32f-bdbb4cda2ceb", "isDeleted":"true", "size":"0", "version":"1765336060245"}}
{"logTime": "1210/074907", "correlationVector":"pj9Y+y+V1ZgZFZS4kV4hcr.13","action":"Commit.Sessions", "result":"Success", "context":{"id":"cf8ae74d-120a-49c8-93ef-16b8d43241ab", "isDeleted":"true", "size":"0", "version":"1765336063427"}}
{"logTime": "1210/074907", "correlationVector":"pj9Y+y+V1ZgZFZS4kV4hcr.14","action":"Commit.Sessions", "result":"Success", "context":{"id":"c024839e-49a4-43fb-80c9-ef2e145d7205", "isDeleted":"true", "size":"0", "version":"1765336060227"}}
{"logTime": "1210/074907", "correlationVector":"pj9Y+y+V1ZgZFZS4kV4hcr.15","action":"Commit.Sessions", "result":"Success", "context":{"id":"080513c5-0331-4cab-ada1-80023554a68b", "isDeleted":"true", "size":"0", "version":"1765336060243"}}
{"logTime": "1210/074907", "correlationVector":"pj9Y+y+V1ZgZFZS4kV4hcr.16","action":"Commit.Sessions", "result":"Success", "context":{"id":"eaf6ffef-a528-4421-80f4-5366cb0c0979", "isDeleted":"true", "size":"0", "version":"1765336063437"}}
{"logTime": "1210/074907", "correlationVector":"pj9Y+y+V1ZgZFZS4kV4hcr.17","action":"Commit.Sessions", "result":"Success", "context":{"id":"57b1e853-4f5d-4e9d-9c6a-70641a4d1d73", "isDeleted":"true", "size":"0", "version":"1765336063458"}}
{"logTime": "1210/074907", "correlationVector":"pj9Y+y+V1ZgZFZS4kV4hcr.18","action":"Commit.Sessions", "result":"Success", "context":{"id":"0391e63e-d0bb-4f59-a121-dd949d8a1ac3", "isDeleted":"true", "size":"0", "version":"1765336060221"}}
{"logTime": "1210/074907", "correlationVector":"pj9Y+y+V1ZgZFZS4kV4hcr.19","action":"Commit.Sessions", "result":"Success", "context":{"id":"5b3189c1-ee4f-4c30-83e7-3f68c76442f5", "isDeleted":"true", "size":"0", "version":"1765336060232"}}
{"logTime": "1210/074907", "correlationVector":"pj9Y+y+V1ZgZFZS4kV4hcr.20","action":"Commit.Sessions", "result":"Success", "context":{"id":"b47b7735-9fcd-4e2d-b3ea-cb59ffa4bb1a", "isDeleted":"true", "size":"0", "version":"1765336060238"}}
{"logTime": "1210/074907", "correlationVector":"pj9Y+y+V1ZgZFZS4kV4hcr.21","action":"Commit.Sessions", "result":"Success", "context":{"id":"1339e145-6cb5-4cca-b54e-0ed31391a4e1", "isDeleted":"true", "size":"0", "version":"1765336063446"}}
{"logTime": "1210/074907", "correlationVector":"pj9Y+y+V1ZgZFZS4kV4hcr.22","action":"Commit.Sessions", "result":"Success", "context":{"id":"009a7700-8225-4b22-8e09-ccd36d073f16", "isDeleted":"true", "size":"0", "version":"1765339016984"}}
{"logTime": "1210/074907", "correlationVector":"pj9Y+y+V1ZgZFZS4kV4hcr.23","action":"Commit.Sessions", "result":"Success", "context":{"id":"029c7ce9-90fd-41ce-b754-f0ebd2c183f7", "isDeleted":"true", "size":"0", "version":"1765336060247"}}
{"logTime": "1210/074907", "correlationVector":"pj9Y+y+V1ZgZFZS4kV4hcr.24","action":"Commit.Sessions", "result":"Success", "context":{"id":"3d732c6b-eb64-4d5d-a2ab-bffd2d28e9d6", "isDeleted":"true", "size":"0", "version":"1765336063448"}}
{"logTime": "1210/074907", "correlationVector":"pj9Y+y+V1ZgZFZS4kV4hcr.25","action":"Commit.Sessions", "result":"Success", "context":{"id":"f3ea3580-aa4d-4d41-b701-720b4c30c795", "isDeleted":"true", "size":"0", "version":"1765336060229"}}
{"logTime": "1210/074907", "correlationVector":"pj9Y+y+V1ZgZFZS4kV4hcr.26","action":"Commit.Sessions", "result":"Success", "context":{"id":"3a35a03f-dc83-4ad6-8903-2c12e64a434b", "isDeleted":"true", "size":"0", "version":"1765336063429"}}
{"logTime": "1210/074907", "correlationVector":"pj9Y+y+V1ZgZFZS4kV4hcr.27","action":"Commit.Sessions", "result":"Success", "context":{"id":"251ee8aa-b86f-44c3-a845-313e5fa369a0", "isDeleted":"true", "size":"0", "version":"1765336060248"}}
{"logTime": "1210/074907", "correlationVector":"pj9Y+y+V1ZgZFZS4kV4hcr.28","action":"Commit.Sessions", "result":"Success", "context":{"id":"aad586b2-594a-4245-9593-f9ad94c9967b", "isDeleted":"true", "size":"0", "version":"1765336063442"}}
{"logTime": "1210/074907", "correlationVector":"pj9Y+y+V1ZgZFZS4kV4hcr.29","action":"Commit.Sessions", "result":"Success", "context":{"id":"f2d17715-d3fb-47c7-983b-d5325c7580f2", "isDeleted":"true", "size":"0", "version":"1765336066288"}}
{"logTime": "1210/074907", "correlationVector":"pj9Y+y+V1ZgZFZS4kV4hcr.30","action":"Commit.Sessions", "result":"Success", "context":{"id":"0f88432f-f0fe-428e-a608-6dfb08eafbf8", "isDeleted":"true", "size":"0", "version":"1765336060226"}}
{"logTime": "1210/074907", "correlationVector":"pj9Y+y+V1ZgZFZS4kV4hcr.31","action":"Commit.Sessions", "result":"Success", "context":{"id":"bc5d3b7b-f22a-4842-b5ad-41a758d1bb7b", "isDeleted":"true", "size":"0", "version":"1765336063439"}}
{"logTime": "1210/074907", "correlationVector":"pj9Y+y+V1ZgZFZS4kV4hcr.32","action":"Commit.Sessions", "result":"Success", "context":{"id":"58707387-946c-4f2e-bebe-d62713505b56", "isDeleted":"true", "size":"0", "version":"1765336063440"}}
{"logTime": "1210/074907", "correlationVector":"pj9Y+y+V1ZgZFZS4kV4hcr.33","action":"Commit.Sessions", "result":"Success", "context":{"id":"cd6079bb-b05c-472f-846e-d72dfaf0b163", "isDeleted":"true", "size":"0", "version":"1765336060235"}}
{"logTime": "1210/074907", "correlationVector":"pj9Y+y+V1ZgZFZS4kV4hcr.34","action":"Commit.Sessions", "result":"Success", "context":{"id":"6a953206-6700-4e6e-95b1-178411d02b32", "isDeleted":"true", "size":"0", "version":"1765336060224"}}
{"logTime": "1210/074907", "correlationVector":"pj9Y+y+V1ZgZFZS4kV4hcr.35","action":"Commit.Sessions", "result":"Success", "context":{"id":"afb92d9d-d080-4b9a-bb99-bc534b5ce524", "isDeleted":"true", "size":"0", "version":"1765336063436"}}
{"logTime": "1210/074907", "correlationVector":"pj9Y+y+V1ZgZFZS4kV4hcr.36","action":"Commit.Sessions", "result":"Success", "context":{"id":"e9c23ab6-3d4b-4379-b022-39a577bc793f", "isDeleted":"true", "size":"0", "version":"1765336060236"}}
{"logTime": "1210/074907", "correlationVector":"pj9Y+y+V1ZgZFZS4kV4hcr.37","action":"Commit.Sessions", "result":"Success", "context":{"id":"d7f8b17d-db42-4f52-a751-e4f15ad5e03f", "isDeleted":"true", "size":"0", "version":"1765336063449"}}
{"logTime": "1210/074907", "correlationVector":"pj9Y+y+V1ZgZFZS4kV4hcr.38","action":"Commit.Sessions", "result":"Success", "context":{"id":"01ca3630-480e-467b-9856-2f739c23e302", "isDeleted":"true", "size":"0", "version":"1765336060215"}}
{"logTime": "1210/074907", "correlationVector":"/ZkflF3rmq8kP0wB1ZjcIu","action":"Commit Request", "result":"", "context":Item count: 4
Contributing types: Sessions, History}
{"logTime": "1210/074907", "correlationVector":"/ZkflF3rmq8kP0wB1ZjcIu.1","action":"SyncServerConnectionManagerRequest", "result":"SYNC_SERVER_OK", "context":{"environment":"Prod_southindia_prod-s01-004-apac-southindia", "migrationStage":"NotStarted", "server":"akswtt023000022"}}
{"logTime": "1210/074907", "correlationVector":"/ZkflF3rmq8kP0wB1ZjcIu.3","action":"Commit.Sessions", "result":"Success", "context":{"id":"e65868ef-40b3-4676-96be-ccd70f9bdfa1", "isDeleted":"true", "size":"0", "version":"1765336063425"}}
{"logTime": "1210/074907", "correlationVector":"/ZkflF3rmq8kP0wB1ZjcIu.4","action":"Commit.Sessions", "result":"Success", "context":{"id":"cc98ed9c-1550-4fbf-a03b-95eca234ad2b", "isDeleted":"true", "size":"0", "version":"1765339094961"}}
{"logTime": "1210/074907", "correlationVector":"/ZkflF3rmq8kP0wB1ZjcIu.2","action":"Commit Response", "result":"Success", "context":Result: Success. cV=/ZkflF3rmq8kP0wB1ZjcIu.0;server=akswtt023000022;cloudType=Consumer;environment=Prod_southindia_prod-s01-004-apac-southindia;migrationStage=NotStarted}
{"logTime": "1210/074908", "correlationVector":"rS2i3trT2XtLY0/sDCyYZ5","action":"Poll GetUpdate request", "result":"", "context":cV=rS2i3trT2XtLY0/sDCyYZ5}
{"logTime": "1210/074908", "correlationVector":"rS2i3trT2XtLY0/sDCyYZ5.1","action":"SyncServerConnectionManagerRequest", "result":"SYNC_SERVER_OK", "context":{"environment":"Prod_southindia_prod-s01-004-apac-southindia", "migrationStage":"NotStarted", "server":"akswtt02300001r"}}
{"logTime": "1210/074908", "correlationVector":"rS2i3trT2XtLY0/sDCyYZ5.2","action":"ProcessGetUpdates", "result":"Done", "context":{"dataType":"Preferences", "deleted":"0", "process_failed_to_decrypt":"0", "process_pending_decryption":"0", "process_success":"2", "total":"2"}}
{"logTime": "1210/074908", "correlationVector":"rS2i3trT2XtLY0/sDCyYZ5.3","action":"ProcessGetUpdates", "result":"Done", "context":{"dataType":"Sessions", "deleted":"38", "process_failed_to_decrypt":"0", "process_pending_decryption":"0", "process_success":"40", "total":"40"}}
{"logTime": "1210/074908", "correlationVector":"rS2i3trT2XtLY0/sDCyYZ5.4","action":"ProcessGetUpdates", "result":"Done", "context":{"dataType":"History", "deleted":"0", "process_failed_to_decrypt":"0", "process_pending_decryption":"0", "process_success":"2", "total":"2"}}
{"logTime": "1210/074908", "correlationVector":"rS2i3trT2XtLY0/sDCyYZ5.5","action":"GetUpdates Response", "result":"Success", "context":Received 44 update(s). cV=rS2i3trT2XtLY0/sDCyYZ5.0;server=akswtt02300001r;cloudType=Consumer;environment=Prod_southindia_prod-s01-004-apac-southindia;migrationStage=NotStarted}
{"logTime": "1210/074933", "correlationVector":"2QpYQAT3eLdi/rw8jJ9Ufi","action":"Commit Request", "result":"", "context":Item count: 40
Contributing types: Preferences, Sessions}
{"logTime": "1210/074936", "correlationVector":"2QpYQAT3eLdi/rw8jJ9Ufi.1","action":"SyncServerConnectionManagerRequest", "result":"SYNC_SERVER_OK", "context":{"environment":"Prod_japanwest_prod-s01-066-apac-japanwest", "migrationStage":"NotStarted", "server":"akswtt108000010"}}
{"logTime": "1210/074936", "correlationVector":"2QpYQAT3eLdi/rw8jJ9Ufi.2","action":"Commit Response", "result":"Success", "context":Result: Success. cV=2QpYQAT3eLdi/rw8jJ9Ufi.0;server=akswtt108000010;cloudType=Consumer;environment=Prod_japanwest_prod-s01-066-apac-japanwest;migrationStage=NotStarted}
{"logTime": "1210/074936", "correlationVector":"Bo2GmXblVJXDl38DLCV4Y/","action":"Commit Request", "result":"", "context":Item count: 4
Contributing types: Sessions, History}
{"logTime": "1210/074937", "correlationVector":"Bo2GmXblVJXDl38DLCV4Y/.1","action":"SyncServerConnectionManagerRequest", "result":"SYNC_SERVER_OK", "context":{"environment":"Prod_southindia_prod-s01-004-apac-southindia", "migrationStage":"NotStarted", "server":"akswtt023000032"}}
{"logTime": "1210/074937", "correlationVector":"Bo2GmXblVJXDl38DLCV4Y/.2","action":"Commit Response", "result":"Success", "context":Result: Success. cV=Bo2GmXblVJXDl38DLCV4Y/.0;server=akswtt023000032;cloudType=Consumer;environment=Prod_southindia_prod-s01-004-apac-southindia;migrationStage=NotStarted}
{"logTime": "1210/075037", "correlationVector":"jcTBZDEeWQGqvFkdACPR+N","action":"Commit Request", "result":"", "context":Item count: 8
Contributing types: Sessions, History}
{"logTime": "1210/075038", "correlationVector":"jcTBZDEeWQGqvFkdACPR+N.1","action":"SyncServerConnectionManagerRequest", "result":"SYNC_SERVER_OK", "context":{"environment":"Prod_southindia_prod-s01-004-apac-southindia", "migrationStage":"NotStarted", "server":"akswtt02300002z"}}
{"logTime": "1210/075038", "correlationVector":"jcTBZDEeWQGqvFkdACPR+N.3","action":"Commit.Sessions", "result":"Success", "context":{"id":"e9ec4439-5420-4e97-98ab-0d3fa6d1953d", "isDeleted":"true", "size":"0", "version":"1765352944087"}}
{"logTime": "1210/075038", "correlationVector":"jcTBZDEeWQGqvFkdACPR+N.2","action":"Commit Response", "result":"Success", "context":Result: Success. cV=jcTBZDEeWQGqvFkdACPR+N.0;server=akswtt02300002z;cloudType=Consumer;environment=Prod_southindia_prod-s01-004-apac-southindia;migrationStage=NotStarted}
{"logTime": "1210/075234", "correlationVector":"zGSDFjmoDSWWX3tDcwQBsA","action":"Commit Request", "result":"", "context":Item count: 1
Contributing types: Preferences}
{"logTime": "1210/075234", "correlationVector":"zGSDFjmoDSWWX3tDcwQBsA.1","action":"SyncServerConnectionManagerRequest", "result":"SYNC_SERVER_OK", "context":{"environment":"Prod_southindia_prod-s01-004-apac-southindia", "migrationStage":"NotStarted", "server":"akswtt023000032"}}
{"logTime": "1210/075234", "correlationVector":"zGSDFjmoDSWWX3tDcwQBsA.2","action":"Commit Response", "result":"Success", "context":Result: Success. cV=zGSDFjmoDSWWX3tDcwQBsA.0;server=akswtt023000032;cloudType=Consumer;environment=Prod_southindia_prod-s01-004-apac-southindia;migrationStage=NotStarted}
{"logTime": "1210/075246", "correlationVector":"hylg6QkGnXZOCXVdmXzM6q","action":"Commit Request", "result":"", "context":Item count: 5
Contributing types: Preferences, Sessions, History}
{"logTime": "1210/075246", "correlationVector":"hylg6QkGnXZOCXVdmXzM6q.1","action":"SyncServerConnectionManagerRequest", "result":"SYNC_SERVER_OK", "context":{"environment":"Prod_southindia_prod-s01-004-apac-southindia", "migrationStage":"NotStarted", "server":"akswtt023000026"}}
{"logTime": "1210/075246", "correlationVector":"hylg6QkGnXZOCXVdmXzM6q.2","action":"Commit Response", "result":"Success", "context":Result: Success. cV=hylg6QkGnXZOCXVdmXzM6q.0;server=akswtt023000026;cloudType=Consumer;environment=Prod_southindia_prod-s01-004-apac-southindia;migrationStage=NotStarted}
{"logTime": "1210/075355", "correlationVector":"c1gO1Z0EFvXydKJsekrP0G","action":"Commit Request", "result":"", "context":Item count: 9
Contributing types: Sessions, History}
{"logTime": "1210/075357", "correlationVector":"c1gO1Z0EFvXydKJsekrP0G.1","action":"SyncServerConnectionManagerRequest", "result":"SYNC_SERVER_OK", "context":{"environment":"Prod_southindia_prod-s01-004-apac-southindia", "migrationStage":"NotStarted", "server":"akswtt023000005"}}
{"logTime": "1210/075357", "correlationVector":"c1gO1Z0EFvXydKJsekrP0G.2","action":"Commit Response", "result":"Success", "context":Result: Success. cV=c1gO1Z0EFvXydKJsekrP0G.0;server=akswtt023000005;cloudType=Consumer;environment=Prod_southindia_prod-s01-004-apac-southindia;migrationStage=NotStarted}
{"logTime": "1210/075749", "correlationVector":"Vd8MlKhCnnVaQM2Nt8xhRf","action":"Commit Request", "result":"", "context":Item count: 4
Contributing types: Sessions, History}
{"logTime": "1210/075750", "correlationVector":"Vd8MlKhCnnVaQM2Nt8xhRf.1","action":"SyncServerConnectionManagerRequest", "result":"SYNC_SERVER_OK", "context":{"environment":"Prod_southindia_prod-s01-004-apac-southindia", "migrationStage":"NotStarted", "server":"akswtt02300002q"}}
{"logTime": "1210/075750", "correlationVector":"Vd8MlKhCnnVaQM2Nt8xhRf.3","action":"Commit.Sessions", "result":"Success", "context":{"id":"1bff08d5-edac-4253-ac9b-b811d373bceb", "isDeleted":"true", "size":"0", "version":"1765353236581"}}
{"logTime": "1210/075750", "correlationVector":"Vd8MlKhCnnVaQM2Nt8xhRf.2","action":"Commit Response", "result":"Success", "context":Result: Success. cV=Vd8MlKhCnnVaQM2Nt8xhRf.0;server=akswtt02300002q;cloudType=Consumer;environment=Prod_southindia_prod-s01-004-apac-southindia;migrationStage=NotStarted}
{"logTime": "1210/081035", "correlationVector":"5ROv4pSWEFipxodC+JChS/","action":"Commit Request", "result":"", "context":Item count: 1
Contributing types: Preferences}
{"logTime": "1210/081036", "correlationVector":"5ROv4pSWEFipxodC+JChS/.1","action":"SyncServerConnectionManagerRequest", "result":"SYNC_SERVER_OK", "context":{"environment":"Prod_southindia_prod-s01-004-apac-southindia", "migrationStage":"NotStarted", "server":"akswtt023000019"}}
{"logTime": "1210/081036", "correlationVector":"5ROv4pSWEFipxodC+JChS/.2","action":"Commit Response", "result":"Success", "context":Result: Success. cV=5ROv4pSWEFipxodC+JChS/.0;server=akswtt023000019;cloudType=Consumer;environment=Prod_southindia_prod-s01-004-apac-southindia;migrationStage=NotStarted}
{"logTime": "1210/081038", "correlationVector":"pjsH7ivwgkcoJrIcxrvycH","action":"Commit Request", "result":"", "context":Item count: 1
Contributing types: Preferences}
{"logTime": "1210/081039", "correlationVector":"pjsH7ivwgkcoJrIcxrvycH.1","action":"SyncServerConnectionManagerRequest", "result":"SYNC_SERVER_OK", "context":{"environment":"Prod_southindia_prod-s01-004-apac-southindia", "migrationStage":"NotStarted", "server":"akswtt02300002m"}}
{"logTime": "1210/081039", "correlationVector":"pjsH7ivwgkcoJrIcxrvycH.2","action":"Commit Response", "result":"Success", "context":Result: Success. cV=pjsH7ivwgkcoJrIcxrvycH.0;server=akswtt02300002m;cloudType=Consumer;environment=Prod_southindia_prod-s01-004-apac-southindia;migrationStage=NotStarted}
{"logTime": "1210/081139", "correlationVector":"3c3QDwVuh0L0hCasRtWJuL","action":"Commit Request", "result":"", "context":Item count: 14
Contributing types: Sessions, History}
{"logTime": "1210/081141", "correlationVector":"3c3QDwVuh0L0hCasRtWJuL.1","action":"SyncServerConnectionManagerRequest", "result":"SYNC_SERVER_OK", "context":{"environment":"Prod_southindia_prod-s01-004-apac-southindia", "migrationStage":"NotStarted", "server":"akswtt023000007"}}
{"logTime": "1210/081141", "correlationVector":"3c3QDwVuh0L0hCasRtWJuL.2","action":"Commit Response", "result":"Success", "context":Result: Success. cV=3c3QDwVuh0L0hCasRtWJuL.0;server=akswtt023000007;cloudType=Consumer;environment=Prod_southindia_prod-s01-004-apac-southindia;migrationStage=NotStarted}
{"logTime": "1210/081912", "correlationVector":"I29d3D/xMIWlsu71IIqOuX","action":"Commit Request", "result":"", "context":Item count: 4
Contributing types: Sessions, History}
{"logTime": "1210/081913", "correlationVector":"I29d3D/xMIWlsu71IIqOuX.1","action":"SyncServerConnectionManagerRequest", "result":"SYNC_SERVER_OK", "context":{"environment":"Prod_southindia_prod-s01-004-apac-southindia", "migrationStage":"NotStarted", "server":"akswtt02300002e"}}
{"logTime": "1210/081913", "correlationVector":"I29d3D/xMIWlsu71IIqOuX.3","action":"Commit.Sessions", "result":"Success", "context":{"id":"b6f11631-dad6-43ed-a0e5-be4c2267306f", "isDeleted":"true", "size":"0", "version":"1765354300124"}}
{"logTime": "1210/081913", "correlationVector":"I29d3D/xMIWlsu71IIqOuX.2","action":"Commit Response", "result":"Success", "context":Result: Success. cV=I29d3D/xMIWlsu71IIqOuX.0;server=akswtt02300002e;cloudType=Consumer;environment=Prod_southindia_prod-s01-004-apac-southindia;migrationStage=NotStarted}
{"logTime": "1210/082209", "correlationVector":"bGvxoL/ZwWJxr310tRsIDK","action":"Commit Request", "result":"", "context":Item count: 8
Contributing types: Sessions, History}
{"logTime": "1210/082210", "correlationVector":"bGvxoL/ZwWJxr310tRsIDK.1","action":"SyncServerConnectionManagerRequest", "result":"SYNC_SERVER_OK", "context":{"environment":"Prod_southindia_prod-s01-004-apac-southindia", "migrationStage":"NotStarted", "server":"akswtt02300000h"}}
{"logTime": "1210/082210", "correlationVector":"bGvxoL/ZwWJxr310tRsIDK.2","action":"Commit Response", "result":"Success", "context":Result: Success. cV=bGvxoL/ZwWJxr310tRsIDK.0;server=akswtt02300000h;cloudType=Consumer;environment=Prod_southindia_prod-s01-004-apac-southindia;migrationStage=NotStarted}
{"logTime": "1210/082632", "correlationVector":"hLZJE2rJR+HAqgHIsk1ttL","action":"Commit Request", "result":"", "context":Item count: 11
Contributing types: Autofill, Sessions, History}
{"logTime": "1210/082634", "correlationVector":"hLZJE2rJR+HAqgHIsk1ttL.1","action":"SyncServerConnectionManagerRequest", "result":"SYNC_SERVER_OK", "context":{"environment":"Prod_southindia_prod-s01-004-apac-southindia", "migrationStage":"NotStarted", "server":"akswtt02300000w"}}
{"logTime": "1210/082634", "correlationVector":"hLZJE2rJR+HAqgHIsk1ttL.2","action":"Commit Response", "result":"Success", "context":Result: Success. cV=hLZJE2rJR+HAqgHIsk1ttL.0;server=akswtt02300000w;cloudType=Consumer;environment=Prod_southindia_prod-s01-004-apac-southindia;migrationStage=NotStarted}
{"logTime": "1210/082653", "correlationVector":"epss/PtELDJfe7xnTF0RYD","action":"Commit Request", "result":"", "context":Item count: 5
Contributing types: Preferences, Sessions, History}
{"logTime": "1210/082654", "correlationVector":"epss/PtELDJfe7xnTF0RYD.1","action":"SyncServerConnectionManagerRequest", "result":"SYNC_SERVER_OK", "context":{"environment":"Prod_southindia_prod-s01-004-apac-southindia", "migrationStage":"NotStarted", "server":"akswtt02300000f"}}
{"logTime": "1210/082654", "correlationVector":"epss/PtELDJfe7xnTF0RYD.2","action":"Commit Response", "result":"Success", "context":Result: Success. cV=epss/PtELDJfe7xnTF0RYD.0;server=akswtt02300000f;cloudType=Consumer;environment=Prod_southindia_prod-s01-004-apac-southindia;migrationStage=NotStarted}
{"logTime": "1210/082657", "correlationVector":"fyGznO+Ipt2fmp55jtnPIP","action":"Commit Request", "result":"", "context":Item count: 6
Contributing types: Preferences, Sessions, History}
{"logTime": "1210/082658", "correlationVector":"fyGznO+Ipt2fmp55jtnPIP.1","action":"SyncServerConnectionManagerRequest", "result":"SYNC_SERVER_OK", "context":{"environment":"Prod_southindia_prod-s01-004-apac-southindia", "migrationStage":"NotStarted", "server":"akswtt023000028"}}
{"logTime": "1210/082658", "correlationVector":"fyGznO+Ipt2fmp55jtnPIP.2","action":"Commit Response", "result":"Success", "context":Result: Success. cV=fyGznO+Ipt2fmp55jtnPIP.0;server=akswtt023000028;cloudType=Consumer;environment=Prod_southindia_prod-s01-004-apac-southindia;migrationStage=NotStarted}
{"logTime": "1210/082803", "correlationVector":"ViZoNTNQW3uf5p9gW87eTH","action":"Commit Request", "result":"", "context":Item count: 5
Contributing types: Sessions, History}
{"logTime": "1210/082804", "correlationVector":"ViZoNTNQW3uf5p9gW87eTH.1","action":"SyncServerConnectionManagerRequest", "result":"SYNC_SERVER_OK", "context":{"environment":"Prod_southindia_prod-s01-004-apac-southindia", "migrationStage":"NotStarted", "server":"akswtt023000015"}}
{"logTime": "1210/082804", "correlationVector":"ViZoNTNQW3uf5p9gW87eTH.3","action":"Commit.Sessions", "result":"Success", "context":{"id":"5bdb276f-533e-4fcb-b70f-52a3775896c0", "isDeleted":"true", "size":"0", "version":"1765355217767"}}
{"logTime": "1210/082804", "correlationVector":"ViZoNTNQW3uf5p9gW87eTH.2","action":"Commit Response", "result":"Success", "context":Result: Success. cV=ViZoNTNQW3uf5p9gW87eTH.0;server=akswtt023000015;cloudType=Consumer;environment=Prod_southindia_prod-s01-004-apac-southindia;migrationStage=NotStarted}
{"logTime": "1210/082804", "correlationVector":"Czno0osIi2QLj06pMCwkjP","action":"ValidateEncryptionKeys", "result":"No old key", "context":Passwords[19]: Type key is OK}
{"logTime": "1210/082804", "correlationVector":"Czno0osIi2QLj06pMCwkjP.0","action":"ValidateEncryptionKeys", "result":"No old key", "context":Autofill Profiles[15]: Type key is OK}
{"logTime": "1210/082804", "correlationVector":"Czno0osIi2QLj06pMCwkjP.1","action":"ValidateEncryptionKeys", "result":"No old key", "context":Autofill[307]: Type key is OK}
{"logTime": "1210/082804", "correlationVector":"Czno0osIi2QLj06pMCwkjP.2","action":"ValidateEncryptionKeys", "result":"No mitigation", "context":Nigori: [qW8oFUT2bLALMg6SKFBgpl8dFzk5rcu6aqeE3fDAcz3leWqZfCdBcVmLnz9bO1CA4TzPyE2f3bIa0BzPu6fzVA==:1756210209142]}
{"logTime": "1210/084933", "correlationVector":"pfPvdYU2dFrZ4AZcMLm0m5","action":"Commit Request", "result":"", "context":Item count: 1
Contributing types: Preferences}
{"logTime": "1210/084934", "correlationVector":"pfPvdYU2dFrZ4AZcMLm0m5.1","action":"SyncServerConnectionManagerRequest", "result":"SYNC_SERVER_OK", "context":{"environment":"Prod_southindia_prod-s01-004-apac-southindia", "migrationStage":"NotStarted", "server":"akswtt02300001d"}}
{"logTime": "1210/084934", "correlationVector":"pfPvdYU2dFrZ4AZcMLm0m5.2","action":"Commit Response", "result":"Success", "context":Result: Success. cV=pfPvdYU2dFrZ4AZcMLm0m5.0;server=akswtt02300001d;cloudType=Consumer;environment=Prod_southindia_prod-s01-004-apac-southindia;migrationStage=NotStarted}
{"logTime": "1210/085106", "correlationVector":"yh8WwmE3XXpRVOz6JuYkOE","action":"Commit Request", "result":"", "context":Item count: 2
Contributing types: Preferences}
{"logTime": "1210/085107", "correlationVector":"yh8WwmE3XXpRVOz6JuYkOE.1","action":"SyncServerConnectionManagerRequest", "result":"SYNC_SERVER_OK", "context":{"environment":"Prod_southindia_prod-s01-004-apac-southindia", "migrationStage":"NotStarted", "server":"akswtt023000003"}}
{"logTime": "1210/085107", "correlationVector":"yh8WwmE3XXpRVOz6JuYkOE.2","action":"Commit Response", "result":"Success", "context":Result: Success. cV=yh8WwmE3XXpRVOz6JuYkOE.0;server=akswtt023000003;cloudType=Consumer;environment=Prod_southindia_prod-s01-004-apac-southindia;migrationStage=NotStarted}
{"logTime": "1210/085110", "correlationVector":"77JmtBTZbDLTdMujgZxFjS","action":"Commit Request", "result":"", "context":Item count: 1
Contributing types: Preferences}
{"logTime": "1210/085111", "correlationVector":"77JmtBTZbDLTdMujgZxFjS.1","action":"SyncServerConnectionManagerRequest", "result":"SYNC_SERVER_OK", "context":{"environment":"Prod_southindia_prod-s01-004-apac-southindia", "migrationStage":"NotStarted", "server":"akswtt023000022"}}
{"logTime": "1210/085111", "correlationVector":"77JmtBTZbDLTdMujgZxFjS.2","action":"Commit Response", "result":"Success", "context":Result: Success. cV=77JmtBTZbDLTdMujgZxFjS.0;server=akswtt023000022;cloudType=Consumer;environment=Prod_southindia_prod-s01-004-apac-southindia;migrationStage=NotStarted}
{"logTime": "1210/085205", "correlationVector":"WWhNg4jEJwHVbUuaYkI7qi","action":"Commit Request", "result":"", "context":Item count: 8
Contributing types: Preferences, Sessions, History}
{"logTime": "1210/085206", "correlationVector":"WWhNg4jEJwHVbUuaYkI7qi.1","action":"SyncServerConnectionManagerRequest", "result":"SYNC_SERVER_OK", "context":{"environment":"Prod_southindia_prod-s01-004-apac-southindia", "migrationStage":"NotStarted", "server":"akswtt02300002e"}}
{"logTime": "1210/085206", "correlationVector":"WWhNg4jEJwHVbUuaYkI7qi.2","action":"Commit Response", "result":"Success", "context":Result: Success. cV=WWhNg4jEJwHVbUuaYkI7qi.0;server=akswtt02300002e;cloudType=Consumer;environment=Prod_southindia_prod-s01-004-apac-southindia;migrationStage=NotStarted}
{"logTime": "1210/085215", "correlationVector":"aDXTKe8D2abb21NPzhX4NK","action":"Commit Request", "result":"", "context":Item count: 6
Contributing types: Preferences, Sessions, History}
{"logTime": "1210/085216", "correlationVector":"aDXTKe8D2abb21NPzhX4NK.1","action":"SyncServerConnectionManagerRequest", "result":"SYNC_SERVER_OK", "context":{"environment":"Prod_southindia_prod-s01-004-apac-southindia", "migrationStage":"NotStarted", "server":"akswtt02300000v"}}
{"logTime": "1210/085216", "correlationVector":"aDXTKe8D2abb21NPzhX4NK.3","action":"Commit.Sessions", "result":"Success", "context":{"id":"01d3e75f-553c-4a65-a93d-33fc41812439", "isDeleted":"true", "size":"0", "version":"1765356725818"}}
{"logTime": "1210/085216", "correlationVector":"aDXTKe8D2abb21NPzhX4NK.2","action":"Commit Response", "result":"Success", "context":Result: Success. cV=aDXTKe8D2abb21NPzhX4NK.0;server=akswtt02300000v;cloudType=Consumer;environment=Prod_southindia_prod-s01-004-apac-southindia;migrationStage=NotStarted}
{"logTime": "1210/085220", "correlationVector":"QFaUZoBj+lO8BsHKcRbKSt","action":"Commit Request", "result":"", "context":Item count: 5
Contributing types: Preferences, Sessions, History}
{"logTime": "1210/085220", "correlationVector":"QFaUZoBj+lO8BsHKcRbKSt.1","action":"SyncServerConnectionManagerRequest", "result":"SYNC_SERVER_OK", "context":{"environment":"Prod_southindia_prod-s01-004-apac-southindia", "migrationStage":"NotStarted", "server":"akswtt02300001t"}}
{"logTime": "1210/085220", "correlationVector":"QFaUZoBj+lO8BsHKcRbKSt.2","action":"Commit Response", "result":"Success", "context":Result: Success. cV=QFaUZoBj+lO8BsHKcRbKSt.0;server=akswtt02300001t;cloudType=Consumer;environment=Prod_southindia_prod-s01-004-apac-southindia;migrationStage=NotStarted}
{"logTime": "1210/085321", "correlationVector":"3pE6fm3JGai3RZji8NA8BK","action":"Commit Request", "result":"", "context":Item count: 8
Contributing types: Sessions, History}
{"logTime": "1210/085322", "correlationVector":"3pE6fm3JGai3RZji8NA8BK.1","action":"SyncServerConnectionManagerRequest", "result":"SYNC_SERVER_OK", "context":{"environment":"Prod_southindia_prod-s01-004-apac-southindia", "migrationStage":"NotStarted", "server":"akswtt023000006"}}
{"logTime": "1210/085322", "correlationVector":"3pE6fm3JGai3RZji8NA8BK.3","action":"Commit.Sessions", "result":"Success", "context":{"id":"d32eaeac-7093-419e-99c4-f890030879e8", "isDeleted":"true", "size":"0", "version":"1765356735887"}}
{"logTime": "1210/085322", "correlationVector":"3pE6fm3JGai3RZji8NA8BK.2","action":"Commit Response", "result":"Success", "context":Result: Success. cV=3pE6fm3JGai3RZji8NA8BK.0;server=akswtt023000006;cloudType=Consumer;environment=Prod_southindia_prod-s01-004-apac-southindia;migrationStage=NotStarted}
